Arguments: 
  C:\Program Files\nodejs\node.exe C:\Users\pipihao\AppData\Roaming\npm\node_modules\yarn\bin\yarn.js add SimpleMDE

PATH: 
  C:\Users\pipihao\bin;C:\Program Files\Git\mingw64\bin;C:\Program Files\Git\usr\local\bin;C:\Program Files\Git\usr\bin;C:\Program Files\Git\usr\bin;C:\Program Files\Git\mingw64\bin;C:\Program Files\Git\usr\bin;C:\Users\pipihao\bin;C:\Program Files (x86)\Common Files\Oracle\Java\javapath;C:\Windows\system32;C:\Windows;C:\Windows\System32\Wbem;C:\Windows\System32\WindowsPowerShell\v1.0;C:\Windows\System32\OpenSSH;C:\Program Files\Java\jdk1.8.0_191\bin;C:\Program Files\Java\jre1.8.0_191\bin;D:\tools\MinGW\bin;D:\tools\nginx-1.14.0;D:\phpstudy_pro\Extensions\composer1.8.5;D:\phpstudy_pro\Extensions\php\php7.3.4nts;C:\MinGW\bin;C:\Program Files\nodejs;E:\Program Files\Git\cmd;C:\Program Files\Git\usr\bin;C:\Program Files\Git\usr\bin;C:\Users\pipihao\AppData\Local\Programs\Python\Python38\Scripts;C:\Users\pipihao\AppData\Local\Programs\Python\Python38;C:\Users\pipihao\AppData\Local\Microsoft\WindowsApps;C:\Users\pipihao\AppData\Local\Programs\Microsoft VS Code\bin;C:\Users\pipihao\AppData\Roaming\npm;C:\Program Files\Bandizip;C:\Program Files\Git\usr\bin\vendor_perl;C:\Program Files\Git\usr\bin\core_perl

Yarn version: 
  1.22.10

Node version: 
  14.12.0

Platform: 
  win32 x64

Trace: 
  Error: https://registry.npm.taobao.org/SimpleMDE: Not found
      at Request.params.callback [as _callback] (C:\Users\pipihao\AppData\Roaming\npm\node_modules\yarn\lib\cli.js:66988:18)
      at Request.self.callback (C:\Users\pipihao\AppData\Roaming\npm\node_modules\yarn\lib\cli.js:140662:22)
      at Request.emit (events.js:314:20)
      at Request.<anonymous> (C:\Users\pipihao\AppData\Roaming\npm\node_modules\yarn\lib\cli.js:141634:10)
      at Request.emit (events.js:314:20)
      at IncomingMessage.<anonymous> (C:\Users\pipihao\AppData\Roaming\npm\node_modules\yarn\lib\cli.js:141556:12)
      at Object.onceWrapper (events.js:420:28)
      at IncomingMessage.emit (events.js:326:22)
      at endReadableNT (_stream_readable.js:1252:12)
      at processTicksAndRejections (internal/process/task_queues.js:80:21)

npm manifest: 
  {
    "name": "piyu-vite",
    "version": "0.0.1",
    "scripts": {
      "dev": "vite",
      "build": "vite build"
    },
    "dependencies": {
      "@ant-design/icons-vue": "^5.1.9",
      "ant-design-vue": "^2.0.0-rc.8",
      "axios": "^0.21.1",
      "core-js": "^3.6.5",
      "marked": "^1.2.8",
      "moment": "^2.29.1",
      "vditor": "^3.7.7",
      "vue": "^3.0.0",
      "vue-axios": "^3.2.2",
      "vue-class-component": "^8.0.0-0",
      "vue-router": "^4.0.0-0",
      "vue-simplemde": "^2.0.0",
      "vuex": "^4.0.0-0"
    },
    "devDependencies": {
      "@typescript-eslint/eslint-plugin": "^2.33.0",
      "@typescript-eslint/parser": "^2.33.0",
      "@vitejs/plugin-vue": "^1.0.4",
      "@vue/compiler-sfc": "^3.0.5",
      "eslint": "^6.7.2",
      "eslint-plugin-prettier": "^3.1.3",
      "eslint-plugin-vue": "^7.0.0-0",
      "prettier": "^2.2.1",
      "typescript": "~3.9.3",
      "vite": "^2.0.0-beta.12"
    },
    "main": "main.js",
    "author": "Yarn Contributor",
    "license": "MIT"
  }

yarn manifest: 
  No manifest

Lockfile: 
  # THIS IS AN AUTOGENERATED FILE. DO NOT EDIT THIS FILE DIRECTLY.
  # yarn lockfile v1
  
  
  "@ant-design-vue/use@^0.0.1-0":
    version "0.0.1-alpha.8"
    resolved "https://registry.npm.taobao.org/@ant-design-vue/use/download/@ant-design-vue/use-0.0.1-alpha.8.tgz#7fd8a1b8a095377fdb50cc20e1fc2f68145e49c4"
    integrity sha1-f9ihuKCVN3/bUMwg4fwvaBReScQ=
    dependencies:
      async-validator "^3.4.0"
      lodash-es "^4.17.15"
      resize-observer-polyfill "^1.5.1"
      vue "^3.0.0"
  
  "@ant-design/colors@^5.0.0":
    version "5.0.1"
    resolved "https://registry.npm.taobao.org/@ant-design/colors/download/@ant-design/colors-5.0.1.tgz?cache=0&sync_timestamp=1607912367498&other_urls=https%3A%2F%2Fregistry.npm.taobao.org%2F%40ant-design%2Fcolors%2Fdownload%2F%40ant-design%2Fcolors-5.0.1.tgz#09670f2f44a7473d7bc01be901c48ec10f12c7a4"
    integrity sha1-CWcPL0SnRz17wBvpAcSOwQ8Sx6Q=
    dependencies:
      "@ctrl/tinycolor" "^3.3.1"
  
  "@ant-design/icons-svg@^4.0.0":
    version "4.1.0"
    resolved "https://registry.npm.taobao.org/@ant-design/icons-svg/download/@ant-design/icons-svg-4.1.0.tgz#480b025f4b20ef7fe8f47d4a4846e4fee84ea06c"
    integrity sha1-SAsCX0sg73/o9H1KSEbk/uhOoGw=
  
  "@ant-design/icons-vue@^5.1.9":
    version "5.1.9"
    resolved "https://registry.npm.taobao.org/@ant-design/icons-vue/download/@ant-design/icons-vue-5.1.9.tgz#8d741a3290be61af7c71618c308cc1a946c4e434"
    integrity sha1-jXQaMpC+Ya98cWGMMIzBqUbE5DQ=
    dependencies:
      "@ant-design/colors" "^5.0.0"
      "@ant-design/icons-svg" "^4.0.0"
      "@babel/runtime" "^7.10.4"
      "@types/lodash" "^4.14.165"
      lodash "^4.17.15"
  
  "@babel/code-frame@^7.0.0":
    version "7.12.11"
    resolved "https://registry.npm.taobao.org/@babel/code-frame/download/@babel/code-frame-7.12.11.tgz?cache=0&sync_timestamp=1608076996164&other_urls=https%3A%2F%2Fregistry.npm.taobao.org%2F%40babel%2Fcode-frame%2Fdownload%2F%40babel%2Fcode-frame-7.12.11.tgz#f4ad435aa263db935b8f10f2c552d23fb716a63f"
    integrity sha1-9K1DWqJj25NbjxDyxVLSP7cWpj8=
    dependencies:
      "@babel/highlight" "^7.10.4"
  
  "@babel/helper-validator-identifier@^7.10.4", "@babel/helper-validator-identifier@^7.12.11":
    version "7.12.11"
    resolved "https://registry.npm.taobao.org/@babel/helper-validator-identifier/download/@babel/helper-validator-identifier-7.12.11.tgz?cache=0&sync_timestamp=1608076995361&other_urls=https%3A%2F%2Fregistry.npm.taobao.org%2F%40babel%2Fhelper-validator-identifier%2Fdownload%2F%40babel%2Fhelper-validator-identifier-7.12.11.tgz#c9a1f021917dcb5ccf0d4e453e399022981fc9ed"
    integrity sha1-yaHwIZF9y1zPDU5FPjmQIpgfye0=
  
  "@babel/highlight@^7.10.4":
    version "7.10.4"
    resolved "https://registry.npm.taobao.org/@babel/highlight/download/@babel/highlight-7.10.4.tgz#7d1bdfd65753538fabe6c38596cdb76d9ac60143"
    integrity sha1-fRvf1ldTU4+r5sOFls23bZrGAUM=
    dependencies:
      "@babel/helper-validator-identifier" "^7.10.4"
      chalk "^2.0.0"
      js-tokens "^4.0.0"
  
  "@babel/parser@^7.12.0":
    version "7.12.11"
    resolved "https://registry.npm.taobao.org/@babel/parser/download/@babel/parser-7.12.11.tgz?cache=0&sync_timestamp=1608076996366&other_urls=https%3A%2F%2Fregistry.npm.taobao.org%2F%40babel%2Fparser%2Fdownload%2F%40babel%2Fparser-7.12.11.tgz#9ce3595bcd74bc5c466905e86c535b8b25011e79"
    integrity sha1-nONZW810vFxGaQXobFNbiyUBHnk=
  
  "@babel/runtime@^7.10.4", "@babel/runtime@^7.10.5":
    version "7.12.5"
    resolved "https://registry.npm.taobao.org/@babel/runtime/download/@babel/runtime-7.12.5.tgz?cache=0&sync_timestamp=1604441104026&other_urls=https%3A%2F%2Fregistry.npm.taobao.org%2F%40babel%2Fruntime%2Fdownload%2F%40babel%2Fruntime-7.12.5.tgz#410e7e487441e1b360c29be715d870d9b985882e"
    integrity sha1-QQ5+SHRB4bNgwpvnFdhw2bmFiC4=
    dependencies:
      regenerator-runtime "^0.13.4"
  
  "@babel/types@^7.12.0":
    version "7.12.12"
    resolved "https://registry.npm.taobao.org/@babel/types/download/@babel/types-7.12.12.tgz?cache=0&sync_timestamp=1608730470163&other_urls=https%3A%2F%2Fregistry.npm.taobao.org%2F%40babel%2Ftypes%2Fdownload%2F%40babel%2Ftypes-7.12.12.tgz#4608a6ec313abbd87afa55004d373ad04a96c299"
    integrity sha1-Rgim7DE6u9h6+lUATTc60EqWwpk=
    dependencies:
      "@babel/helper-validator-identifier" "^7.12.11"
      lodash "^4.17.19"
      to-fast-properties "^2.0.0"
  
  "@ctrl/tinycolor@^3.3.1":
    version "3.3.2"
    resolved "https://registry.npm.taobao.org/@ctrl/tinycolor/download/@ctrl/tinycolor-3.3.2.tgz?cache=0&sync_timestamp=1610568110815&other_urls=https%3A%2F%2Fregistry.npm.taobao.org%2F%40ctrl%2Ftinycolor%2Fdownload%2F%40ctrl%2Ftinycolor-3.3.2.tgz#902c4c7e6b48553e4f83c0c1c565a6b071b02520"
    integrity sha1-kCxMfmtIVT5Pg8DBxWWmsHGwJSA=
  
  "@simonwep/pickr@~1.7.0":
    version "1.7.4"
    resolved "https://registry.npm.taobao.org/@simonwep/pickr/download/@simonwep/pickr-1.7.4.tgz#b14fcd945890388b870cd6db4d6c78d531f25141"
    integrity sha1-sU/NlFiQOIuHDNbbTWx41THyUUE=
    dependencies:
      core-js "^3.6.5"
      nanopop "^2.1.0"
  
  "@types/eslint-visitor-keys@^1.0.0":
    version "1.0.0"
    resolved "https://registry.npm.taobao.org/@types/eslint-visitor-keys/download/@types/eslint-visitor-keys-1.0.0.tgz?cache=0&sync_timestamp=1605054323962&other_urls=https%3A%2F%2Fregistry.npm.taobao.org%2F%40types%2Feslint-visitor-keys%2Fdownload%2F%40types%2Feslint-visitor-keys-1.0.0.tgz#1ee30d79544ca84d68d4b3cdb0af4f205663dd2d"
    integrity sha1-HuMNeVRMqE1o1LPNsK9PIFZj3S0=
  
  "@types/json-schema@^7.0.3":
    version "7.0.6"
    resolved "https://registry.npm.taobao.org/@types/json-schema/download/@types/json-schema-7.0.6.tgz#f4c7ec43e81b319a9815115031709f26987891f0"
    integrity sha1-9MfsQ+gbMZqYFRFQMXCfJph4kfA=
  
  "@types/lodash@^4.14.165":
    version "4.14.167"
    resolved "https://registry.npm.taobao.org/@types/lodash/download/@types/lodash-4.14.167.tgz?cache=0&sync_timestamp=1609519871090&other_urls=https%3A%2F%2Fregistry.npm.taobao.org%2F%40types%2Flodash%2Fdownload%2F%40types%2Flodash-4.14.167.tgz#ce7d78553e3c886d4ea643c37ec7edc20f16765e"
    integrity sha1-zn14VT48iG1OpkPDfsftwg8Wdl4=
  
  "@typescript-eslint/eslint-plugin@^2.33.0":
    version "2.34.0"
    resolved "https://registry.npm.taobao.org/@typescript-eslint/eslint-plugin/download/@typescript-eslint/eslint-plugin-2.34.0.tgz#6f8ce8a46c7dea4a6f1d171d2bb8fbae6dac2be9"
    integrity sha1-b4zopGx96kpvHRcdK7j7rm2sK+k=
    dependencies:
      "@typescript-eslint/experimental-utils" "2.34.0"
      functional-red-black-tree "^1.0.1"
      regexpp "^3.0.0"
      tsutils "^3.17.1"
  
  "@typescript-eslint/experimental-utils@2.34.0":
    version "2.34.0"
    resolved "https://registry.npm.taobao.org/@typescript-eslint/experimental-utils/download/@typescript-eslint/experimental-utils-2.34.0.tgz?cache=0&sync_timestamp=1610389753067&other_urls=https%3A%2F%2Fregistry.npm.taobao.org%2F%40typescript-eslint%2Fexperimental-utils%2Fdownload%2F%40typescript-eslint%2Fexperimental-utils-2.34.0.tgz#d3524b644cdb40eebceca67f8cf3e4cc9c8f980f"
    integrity sha1-01JLZEzbQO687KZ/jPPkzJyPmA8=
    dependencies:
      "@types/json-schema" "^7.0.3"
      "@typescript-eslint/typescript-estree" "2.34.0"
      eslint-scope "^5.0.0"
      eslint-utils "^2.0.0"
  
  "@typescript-eslint/parser@^2.33.0":
    version "2.34.0"
    resolved "https://registry.npm.taobao.org/@typescript-eslint/parser/download/@typescript-eslint/parser-2.34.0.tgz?cache=0&sync_timestamp=1610387808679&other_urls=https%3A%2F%2Fregistry.npm.taobao.org%2F%40typescript-eslint%2Fparser%2Fdownload%2F%40typescript-eslint%2Fparser-2.34.0.tgz#50252630ca319685420e9a39ca05fe185a256bc8"
    integrity sha1-UCUmMMoxloVCDpo5ygX+GFola8g=
    dependencies:
      "@types/eslint-visitor-keys" "^1.0.0"
      "@typescript-eslint/experimental-utils" "2.34.0"
      "@typescript-eslint/typescript-estree" "2.34.0"
      eslint-visitor-keys "^1.1.0"
  
  "@typescript-eslint/typescript-estree@2.34.0":
    version "2.34.0"
    resolved "https://registry.npm.taobao.org/@typescript-eslint/typescript-estree/download/@typescript-eslint/typescript-estree-2.34.0.tgz?cache=0&sync_timestamp=1610387819479&other_urls=https%3A%2F%2Fregistry.npm.taobao.org%2F%40typescript-eslint%2Ftypescript-estree%2Fdownload%2F%40typescript-eslint%2Ftypescript-estree-2.34.0.tgz#14aeb6353b39ef0732cc7f1b8285294937cf37d5"
    integrity sha1-FK62NTs57wcyzH8bgoUpSTfPN9U=
    dependencies:
      debug "^4.1.1"
      eslint-visitor-keys "^1.1.0"
      glob "^7.1.6"
      is-glob "^4.0.1"
      lodash "^4.17.15"
      semver "^7.3.2"
      tsutils "^3.17.1"
  
  "@vitejs/plugin-vue@^1.0.4":
    version "1.1.0"
    resolved "https://registry.npm.taobao.org/@vitejs/plugin-vue/download/@vitejs/plugin-vue-1.1.0.tgz#8ae0b11388897b07259c9e5198c0e3fb5e4b37d9"
    integrity sha1-iuCxE4iJewclnJ5RmMDj+15LN9k=
  
  "@vue/compiler-core@3.0.5":
    version "3.0.5"
    resolved "https://registry.npm.taobao.org/@vue/compiler-core/download/@vue/compiler-core-3.0.5.tgz#a6e54cabe9536e74c6513acd2649f311af1d43ac"
    integrity sha1-puVMq+lTbnTGUTrNJknzEa8dQ6w=
    dependencies:
      "@babel/parser" "^7.12.0"
      "@babel/types" "^7.12.0"
      "@vue/shared" "3.0.5"
      estree-walker "^2.0.1"
      source-map "^0.6.1"
  
  "@vue/compiler-dom@3.0.5":
    version "3.0.5"
    resolved "https://registry.npm.taobao.org/@vue/compiler-dom/download/@vue/compiler-dom-3.0.5.tgz#7885a13e6d18f64dde8ebceec052ed2c102696c2"
    integrity sha1-eIWhPm0Y9k3ejrzuwFLtLBAmlsI=
    dependencies:
      "@vue/compiler-core" "3.0.5"
      "@vue/shared" "3.0.5"
  
  "@vue/compiler-sfc@^3.0.5":
    version "3.0.5"
    resolved "https://registry.npm.taobao.org/@vue/compiler-sfc/download/@vue/compiler-sfc-3.0.5.tgz#3ae08e60244a72faf9598361874fb7bdb5b1d37c"
    integrity sha1-OuCOYCRKcvr5WYNhh0+3vbWx03w=
    dependencies:
      "@babel/parser" "^7.12.0"
      "@babel/types" "^7.12.0"
      "@vue/compiler-core" "3.0.5"
      "@vue/compiler-dom" "3.0.5"
      "@vue/compiler-ssr" "3.0.5"
      "@vue/shared" "3.0.5"
      consolidate "^0.16.0"
      estree-walker "^2.0.1"
      hash-sum "^2.0.0"
      lru-cache "^5.1.1"
      magic-string "^0.25.7"
      merge-source-map "^1.1.0"
      postcss "^7.0.32"
      postcss-modules "^3.2.2"
      postcss-selector-parser "^6.0.4"
      source-map "^0.6.1"
  
  "@vue/compiler-ssr@3.0.5":
    version "3.0.5"
    resolved "https://registry.npm.taobao.org/@vue/compiler-ssr/download/@vue/compiler-ssr-3.0.5.tgz#7661ad891a0be948726c7f7ad1e425253c587b83"
    integrity sha1-dmGtiRoL6UhybH960eQlJTxYe4M=
    dependencies:
      "@vue/compiler-dom" "3.0.5"
      "@vue/shared" "3.0.5"
  
  "@vue/reactivity@3.0.5":
    version "3.0.5"
    resolved "https://registry.npm.taobao.org/@vue/reactivity/download/@vue/reactivity-3.0.5.tgz#e3789e4d523d845f9ae0b4d770e2b45594742fd2"
    integrity sha1-43ieTVI9hF+a4LTXcOK0VZR0L9I=
    dependencies:
      "@vue/shared" "3.0.5"
  
  "@vue/runtime-core@3.0.5":
    version "3.0.5"
    resolved "https://registry.npm.taobao.org/@vue/runtime-core/download/@vue/runtime-core-3.0.5.tgz#da6331d5f300d5794e9e0ebdc8a8bd72a9e19962"
    integrity sha1-2mMx1fMA1XlOng69yKi9cqnhmWI=
    dependencies:
      "@vue/reactivity" "3.0.5"
      "@vue/shared" "3.0.5"
  
  "@vue/runtime-dom@3.0.5":
    version "3.0.5"
    resolved "https://registry.npm.taobao.org/@vue/runtime-dom/download/@vue/runtime-dom-3.0.5.tgz#1ce2c9c449e26ab06963da0064096e882a7a8935"
    integrity sha1-HOLJxEniarBpY9oAZAluiCp6iTU=
    dependencies:
      "@vue/runtime-core" "3.0.5"
      "@vue/shared" "3.0.5"
      csstype "^2.6.8"
  
  "@vue/shared@3.0.5":
    version "3.0.5"
    resolved "https://registry.npm.taobao.org/@vue/shared/download/@vue/shared-3.0.5.tgz#c131d88bd6713cc4d93b3bb1372edb1983225ff0"
    integrity sha1-wTHYi9ZxPMTZOzuxNy7bGYMiX/A=
  
  acorn-jsx@^5.2.0:
    version "5.3.1"
    resolved "https://registry.npm.taobao.org/acorn-jsx/download/acorn-jsx-5.3.1.tgz?cache=0&sync_timestamp=1599499155970&other_urls=https%3A%2F%2Fregistry.npm.taobao.org%2Facorn-jsx%2Fdownload%2Facorn-jsx-5.3.1.tgz#fc8661e11b7ac1539c47dbfea2e72b3af34d267b"
    integrity sha1-/IZh4Rt6wVOcR9v+oucrOvNNJns=
  
  acorn@^7.1.1:
    version "7.4.1"
    resolved "https://registry.npm.taobao.org/acorn/download/acorn-7.4.1.tgz#feaed255973d2e77555b83dbc08851a6c63520fa"
    integrity sha1-/q7SVZc9LndVW4PbwIhRpsY1IPo=
  
  ajv@^6.10.0, ajv@^6.10.2:
    version "6.12.6"
    resolved "https://registry.npm.taobao.org/ajv/download/ajv-6.12.6.tgz?cache=0&sync_timestamp=1609583919173&other_urls=https%3A%2F%2Fregistry.npm.taobao.org%2Fajv%2Fdownload%2Fajv-6.12.6.tgz#baf5a62e802b07d977034586f8c3baf5adf26df4"
    integrity sha1-uvWmLoArB9l3A0WG+MO69a3ybfQ=
    dependencies:
      fast-deep-equal "^3.1.1"
      fast-json-stable-stringify "^2.0.0"
      json-schema-traverse "^0.4.1"
      uri-js "^4.2.2"
  
  ansi-escapes@^4.2.1:
    version "4.3.1"
    resolved "https://registry.npm.taobao.org/ansi-escapes/download/ansi-escapes-4.3.1.tgz#a5c47cc43181f1f38ffd7076837700d395522a61"
    integrity sha1-pcR8xDGB8fOP/XB2g3cA05VSKmE=
    dependencies:
      type-fest "^0.11.0"
  
  ansi-regex@^4.1.0:
    version "4.1.0"
    resolved "https://registry.npm.taobao.org/ansi-regex/download/ansi-regex-4.1.0.tgz#8b9f8f08cf1acb843756a839ca8c7e3168c51997"
    integrity sha1-i5+PCM8ay4Q3Vqg5yox+MWjFGZc=
  
  ansi-regex@^5.0.0:
    version "5.0.0"
    resolved "https://registry.npm.taobao.org/ansi-regex/download/ansi-regex-5.0.0.tgz#388539f55179bf39339c81af30a654d69f87cb75"
    integrity sha1-OIU59VF5vzkznIGvMKZU1p+Hy3U=
  
  ansi-styles@^3.2.0, ansi-styles@^3.2.1:
    version "3.2.1"
    resolved "https://registry.npm.taobao.org/ansi-styles/download/ansi-styles-3.2.1.tgz#41fbb20243e50b12be0f04b8dedbf07520ce841d"
    integrity sha1-QfuyAkPlCxK+DwS43tvwdSDOhB0=
    dependencies:
      color-convert "^1.9.0"
  
  ansi-styles@^4.1.0:
    version "4.3.0"
    resolved "https://registry.npm.taobao.org/ansi-styles/download/ansi-styles-4.3.0.tgz#edd803628ae71c04c85ae7a0906edad34b648937"
    integrity sha1-7dgDYornHATIWuegkG7a00tkiTc=
    dependencies:
      color-convert "^2.0.1"
  
  ant-design-vue@^2.0.0-rc.8:
    version "2.0.0-rc.8"
    resolved "https://registry.npm.taobao.org/ant-design-vue/download/ant-design-vue-2.0.0-rc.8.tgz?cache=0&sync_timestamp=1610025633191&other_urls=https%3A%2F%2Fregistry.npm.taobao.org%2Fant-design-vue%2Fdownload%2Fant-design-vue-2.0.0-rc.8.tgz#0f219aedb27f1797228aab79fbbd8328a7389a9f"
    integrity sha1-DyGa7bJ/F5ciiqt5+72DKKc4mp8=
    dependencies:
      "@ant-design-vue/use" "^0.0.1-0"
      "@ant-design/icons-vue" "^5.1.9"
      "@babel/runtime" "^7.10.5"
      "@simonwep/pickr" "~1.7.0"
      array-tree-filter "^2.1.0"
      async-validator "^3.3.0"
      dom-align "^1.10.4"
      dom-scroll-into-view "^2.0.0"
      is-mobile "^2.2.1"
      lodash-es "^4.17.15"
      moment "^2.27.0"
      omit.js "^2.0.0"
      resize-observer-polyfill "^1.5.1"
      scroll-into-view-if-needed "^2.2.25"
      shallow-equal "^1.0.0"
      vue-types "^3.0.0"
      warning "^4.0.0"
  
  argparse@^1.0.7:
    version "1.0.10"
    resolved "https://registry.npm.taobao.org/argparse/download/argparse-1.0.10.tgz#bcd6791ea5ae09725e17e5ad988134cd40b3d911"
    integrity sha1-vNZ5HqWuCXJeF+WtmIE0zUCz2RE=
    dependencies:
      sprintf-js "~1.0.2"
  
  array-tree-filter@^2.1.0:
    version "2.1.0"
    resolved "https://registry.npm.taobao.org/array-tree-filter/download/array-tree-filter-2.1.0.tgz#873ac00fec83749f255ac8dd083814b4f6329190"
    integrity sha1-hzrAD+yDdJ8lWsjdCDgUtPYykZA=
  
  astral-regex@^1.0.0:
    version "1.0.0"
    resolved "https://registry.npm.taobao.org/astral-regex/download/astral-regex-1.0.0.tgz#6c8c3fb827dd43ee3918f27b82782ab7658a6fd9"
    integrity sha1-bIw/uCfdQ+45GPJ7gngqt2WKb9k=
  
  async-validator@^3.3.0, async-validator@^3.4.0:
    version "3.5.1"
    resolved "https://registry.npm.taobao.org/async-validator/download/async-validator-3.5.1.tgz?cache=0&sync_timestamp=1605749896979&other_urls=https%3A%2F%2Fregistry.npm.taobao.org%2Fasync-validator%2Fdownload%2Fasync-validator-3.5.1.tgz#cd62b9688b2465f48420e27adb47760ab1b5559f"
    integrity sha1-zWK5aIskZfSEIOJ620d2CrG1VZ8=
  
  axios@^0.21.1:
    version "0.21.1"
    resolved "https://registry.npm.taobao.org/axios/download/axios-0.21.1.tgz?cache=0&sync_timestamp=1608609215811&other_urls=https%3A%2F%2Fregistry.npm.taobao.org%2Faxios%2Fdownload%2Faxios-0.21.1.tgz#22563481962f4d6bde9a76d516ef0e5d3c09b2b8"
    integrity sha1-IlY0gZYvTWvemnbVFu8OXTwJsrg=
    dependencies:
      follow-redirects "^1.10.0"
  
  balanced-match@^1.0.0:
    version "1.0.0"
    resolved "https://registry.npm.taobao.org/balanced-match/download/balanced-match-1.0.0.tgz#89b4d199ab2bee49de164ea02b89ce462d71b767"
    integrity sha1-ibTRmasr7kneFk6gK4nORi1xt2c=
  
  big.js@^5.2.2:
    version "5.2.2"
    resolved "https://registry.npm.taobao.org/big.js/download/big.js-5.2.2.tgz#65f0af382f578bcdc742bd9c281e9cb2d7768328"
    integrity sha1-ZfCvOC9Xi83HQr2cKB6cstd2gyg=
  
  bluebird@^3.7.2:
    version "3.7.2"
    resolved "https://registry.npm.taobao.org/bluebird/download/bluebird-3.7.2.tgz#9f229c15be272454ffa973ace0dbee79a1b0c36f"
    integrity sha1-nyKcFb4nJFT/qXOs4NvueaGww28=
  
  brace-expansion@^1.1.7:
    version "1.1.11"
    resolved "https://registry.npm.taobao.org/brace-expansion/download/brace-expansion-1.1.11.tgz?cache=0&sync_timestamp=1601898189928&other_urls=https%3A%2F%2Fregistry.npm.taobao.org%2Fbrace-expansion%2Fdownload%2Fbrace-expansion-1.1.11.tgz#3c7fcbf529d87226f3d2f52b966ff5271eb441dd"
    integrity sha1-PH/L9SnYcibz0vUrlm/1Jx60Qd0=
    dependencies:
      balanced-match "^1.0.0"
      concat-map "0.0.1"
  
  callsites@^3.0.0:
    version "3.1.0"
    resolved "https://registry.npm.taobao.org/callsites/download/callsites-3.1.0.tgz#b3630abd8943432f54b3f0519238e33cd7df2f73"
    integrity sha1-s2MKvYlDQy9Us/BRkjjjPNffL3M=
  
  chalk@^2.0.0, chalk@^2.1.0, chalk@^2.4.2:
    version "2.4.2"
    resolved "https://registry.npm.taobao.org/chalk/download/chalk-2.4.2.tgz#cd42541677a54333cf541a49108c1432b44c9424"
    integrity sha1-zUJUFnelQzPPVBpJEIwUMrRMlCQ=
    dependencies:
      ansi-styles "^3.2.1"
      escape-string-regexp "^1.0.5"
      supports-color "^5.3.0"
  
  chalk@^4.1.0:
    version "4.1.0"
    resolved "https://registry.npm.taobao.org/chalk/download/chalk-4.1.0.tgz#4e14870a618d9e2edd97dd8345fd9d9dc315646a"
    integrity sha1-ThSHCmGNni7dl92DRf2dncMVZGo=
    dependencies:
      ansi-styles "^4.1.0"
      supports-color "^7.1.0"
  
  chardet@^0.7.0:
    version "0.7.0"
    resolved "https://registry.npm.taobao.org/chardet/download/chardet-0.7.0.tgz#90094849f0937f2eedc2425d0d28a9e5f0cbad9e"
    integrity sha1-kAlISfCTfy7twkJdDSip5fDLrZ4=
  
  cli-cursor@^3.1.0:
    version "3.1.0"
    resolved "https://registry.npm.taobao.org/cli-cursor/download/cli-cursor-3.1.0.tgz#264305a7ae490d1d03bf0c9ba7c925d1753af307"
    integrity sha1-JkMFp65JDR0Dvwybp8kl0XU68wc=
    dependencies:
      restore-cursor "^3.1.0"
  
  cli-width@^3.0.0:
    version "3.0.0"
    resolved "https://registry.npm.taobao.org/cli-width/download/cli-width-3.0.0.tgz#a2f48437a2caa9a22436e794bf071ec9e61cedf6"
    integrity sha1-ovSEN6LKqaIkNueUvwceyeYc7fY=
  
  codemirror-spell-checker@*:
    version "1.1.2"
    resolved "https://registry.npm.taobao.org/codemirror-spell-checker/download/codemirror-spell-checker-1.1.2.tgz#1c660f9089483ccb5113b9ba9ca19c3f4993371e"
    integrity sha1-HGYPkIlIPMtRE7m6nKGcP0mTNx4=
    dependencies:
      typo-js "*"
  
  codemirror@*:
    version "5.59.2"
    resolved "https://registry.npm.taobao.org/codemirror/download/codemirror-5.59.2.tgz#ee674d3a4a8d241af38d52afc482625ba7393922"
    integrity sha1-7mdNOkqNJBrzjVKvxIJiW6c5OSI=
  
  color-convert@^1.9.0:
    version "1.9.3"
    resolved "https://registry.npm.taobao.org/color-convert/download/color-convert-1.9.3.tgz#bb71850690e1f136567de629d2d5471deda4c1e8"
    integrity sha1-u3GFBpDh8TZWfeYp0tVHHe2kweg=
    dependencies:
      color-name "1.1.3"
  
  color-convert@^2.0.1:
    version "2.0.1"
    resolved "https://registry.npm.taobao.org/color-convert/download/color-convert-2.0.1.tgz#72d3a68d598c9bdb3af2ad1e84f21d896abd4de3"
    integrity sha1-ctOmjVmMm9s68q0ehPIdiWq9TeM=
    dependencies:
      color-name "~1.1.4"
  
  color-name@1.1.3:
    version "1.1.3"
    resolved "https://registry.npm.taobao.org/color-name/download/color-name-1.1.3.tgz#a7d0558bd89c42f795dd42328f740831ca53bc25"
    integrity sha1-p9BVi9icQveV3UIyj3QIMcpTvCU=
  
  color-name@~1.1.4:
    version "1.1.4"
    resolved "https://registry.npm.taobao.org/color-name/download/color-name-1.1.4.tgz#c2a09a87acbde69543de6f63fa3995c826c536a2"
    integrity sha1-wqCah6y95pVD3m9j+jmVyCbFNqI=
  
  colorette@^1.2.1:
    version "1.2.1"
    resolved "https://registry.npm.taobao.org/colorette/download/colorette-1.2.1.tgz#4d0b921325c14faf92633086a536db6e89564b1b"
    integrity sha1-TQuSEyXBT6+SYzCGpTbbbolWSxs=
  
  compute-scroll-into-view@^1.0.16:
    version "1.0.16"
    resolved "https://registry.npm.taobao.org/compute-scroll-into-view/download/compute-scroll-into-view-1.0.16.tgz?cache=0&sync_timestamp=1599054579209&other_urls=https%3A%2F%2Fregistry.npm.taobao.org%2Fcompute-scroll-into-view%2Fdownload%2Fcompute-scroll-into-view-1.0.16.tgz#5b7bf4f7127ea2c19b750353d7ce6776a90ee088"
    integrity sha1-W3v09xJ+osGbdQNT185ndqkO4Ig=
  
  concat-map@0.0.1:
    version "0.0.1"
    resolved "https://registry.npm.taobao.org/concat-map/download/concat-map-0.0.1.tgz#d8a96bd77fd68df7793a73036a3ba0d5405d477b"
    integrity sha1-2Klr13/Wjfd5OnMDajug1UBdR3s=
  
  consolidate@^0.16.0:
    version "0.16.0"
    resolved "https://registry.npm.taobao.org/consolidate/download/consolidate-0.16.0.tgz#a11864768930f2f19431660a65906668f5fbdc16"
    integrity sha1-oRhkdokw8vGUMWYKZZBmaPX73BY=
    dependencies:
      bluebird "^3.7.2"
  
  core-js@^3.6.5:
    version "3.8.2"
    resolved "https://registry.npm.taobao.org/core-js/download/core-js-3.8.2.tgz#0a1fd6709246da9ca8eff5bb0cbd15fba9ac7044"
    integrity sha1-Ch/WcJJG2pyo7/W7DL0V+6mscEQ=
  
  cross-spawn@^6.0.5:
    version "6.0.5"
    resolved "https://registry.npm.taobao.org/cross-spawn/download/cross-spawn-6.0.5.tgz?cache=0&other_urls=https%3A%2F%2Fregistry.npm.taobao.org%2Fcross-spawn%2Fdownload%2Fcross-spawn-6.0.5.tgz#4a5ec7c64dfae22c3a14124dbacdee846d80cbc4"
    integrity sha1-Sl7Hxk364iw6FBJNus3uhG2Ay8Q=
    dependencies:
      nice-try "^1.0.4"
      path-key "^2.0.1"
      semver "^5.5.0"
      shebang-command "^1.2.0"
      which "^1.2.9"
  
  cssesc@^3.0.0:
    version "3.0.0"
    resolved "https://registry.npm.taobao.org/cssesc/download/cssesc-3.0.0.tgz#37741919903b868565e1c09ea747445cd18983ee"
    integrity sha1-N3QZGZA7hoVl4cCep0dEXNGJg+4=
  
  csstype@^2.6.8:
    version "2.6.14"
    resolved "https://registry.npm.taobao.org/csstype/download/csstype-2.6.14.tgz?cache=0&sync_timestamp=1610107144219&other_urls=https%3A%2F%2Fregistry.npm.taobao.org%2Fcsstype%2Fdownload%2Fcsstype-2.6.14.tgz#004822a4050345b55ad4dcc00be1d9cf2f4296de"
    integrity sha1-AEgipAUDRbVa1NzAC+HZzy9Clt4=
  
  debug@^4.0.1, debug@^4.1.1:
    version "4.3.1"
    resolved "https://registry.npm.taobao.org/debug/download/debug-4.3.1.tgz?cache=0&sync_timestamp=1607566533140&other_urls=https%3A%2F%2Fregistry.npm.taobao.org%2Fdebug%2Fdownload%2Fdebug-4.3.1.tgz#f0d229c505e0c6d8c49ac553d1b13dc183f6b2ee"
    integrity sha1-8NIpxQXgxtjEmsVT0bE9wYP2su4=
    dependencies:
      ms "2.1.2"
  
  deep-is@~0.1.3:
    version "0.1.3"
    resolved "https://registry.npm.taobao.org/deep-is/download/deep-is-0.1.3.tgz#b369d6fb5dbc13eecf524f91b070feedc357cf34"
    integrity sha1-s2nW+128E+7PUk+RsHD+7cNXzzQ=
  
  diff-match-patch@^1.0.5:
    version "1.0.5"
    resolved "https://registry.npm.taobao.org/diff-match-patch/download/diff-match-patch-1.0.5.tgz#abb584d5f10cd1196dfc55aa03701592ae3f7b37"
    integrity sha1-q7WE1fEM0Rlt/FWqA3AVkq4/ezc=
  
  doctrine@^3.0.0:
    version "3.0.0"
    resolved "https://registry.npm.taobao.org/doctrine/download/doctrine-3.0.0.tgz#addebead72a6574db783639dc87a121773973961"
    integrity sha1-rd6+rXKmV023g2OdyHoSF3OXOWE=
    dependencies:
      esutils "^2.0.2"
  
  dom-align@^1.10.4:
    version "1.12.0"
    resolved "https://registry.npm.taobao.org/dom-align/download/dom-align-1.12.0.tgz#56fb7156df0b91099830364d2d48f88963f5a29c"
    integrity sha1-VvtxVt8LkQmYMDZNLUj4iWP1opw=
  
  dom-scroll-into-view@^2.0.0:
    version "2.0.1"
    resolved "https://registry.npm.taobao.org/dom-scroll-into-view/download/dom-scroll-into-view-2.0.1.tgz#0decc8522801fd8d3f1c6ba355a74d382c5f989b"
    integrity sha1-DezIUigB/Y0/HGujVadNOCxfmJs=
  
  emoji-regex@^7.0.1:
    version "7.0.3"
    resolved "https://registry.npm.taobao.org/emoji-regex/download/emoji-regex-7.0.3.tgz?cache=0&sync_timestamp=1603212180491&other_urls=https%3A%2F%2Fregistry.npm.taobao.org%2Femoji-regex%2Fdownload%2Femoji-regex-7.0.3.tgz#933a04052860c85e83c122479c4748a8e4c72156"
    integrity sha1-kzoEBShgyF6DwSJHnEdIqOTHIVY=
  
  emoji-regex@^8.0.0:
    version "8.0.0"
    resolved "https://registry.npm.taobao.org/emoji-regex/download/emoji-regex-8.0.0.tgz?cache=0&sync_timestamp=1603212180491&other_urls=https%3A%2F%2Fregistry.npm.taobao.org%2Femoji-regex%2Fdownload%2Femoji-regex-8.0.0.tgz#e818fd69ce5ccfcb404594f842963bf53164cc37"
    integrity sha1-6Bj9ac5cz8tARZT4QpY79TFkzDc=
  
  emojis-list@^3.0.0:
    version "3.0.0"
    resolved "https://registry.npm.taobao.org/emojis-list/download/emojis-list-3.0.0.tgz#5570662046ad29e2e916e71aae260abdff4f6a78"
    integrity sha1-VXBmIEatKeLpFucariYKvf9Pang=
  
  esbuild@^0.8.26:
    version "0.8.34"
    resolved "https://registry.npm.taobao.org/esbuild/download/esbuild-0.8.34.tgz#16b4ac58f74c821d2c5a8c2f0585ca96a38ab4e6"
    integrity sha1-FrSsWPdMgh0sWowvBYXKlqOKtOY=
  
  escape-string-regexp@^1.0.5:
    version "1.0.5"
    resolved "https://registry.npm.taobao.org/escape-string-regexp/download/escape-string-regexp-1.0.5.tgz#1b61c0562190a8dff6ae3bb2cf0200ca130b86d4"
    integrity sha1-G2HAViGQqN/2rjuyzwIAyhMLhtQ=
  
  eslint-plugin-prettier@^3.1.3:
    version "3.3.1"
    resolved "https://registry.npm.taobao.org/eslint-plugin-prettier/download/eslint-plugin-prettier-3.3.1.tgz?cache=0&sync_timestamp=1609786715622&other_urls=https%3A%2F%2Fregistry.npm.taobao.org%2Feslint-plugin-prettier%2Fdownload%2Feslint-plugin-prettier-3.3.1.tgz#7079cfa2497078905011e6f82e8dd8453d1371b7"
    integrity sha1-cHnPoklweJBQEeb4Lo3YRT0Tcbc=
    dependencies:
      prettier-linter-helpers "^1.0.0"
  
  eslint-plugin-vue@^7.0.0-0:
    version "7.4.1"
    resolved "https://registry.npm.taobao.org/eslint-plugin-vue/download/eslint-plugin-vue-7.4.1.tgz?cache=0&sync_timestamp=1609808522352&other_urls=https%3A%2F%2Fregistry.npm.taobao.org%2Feslint-plugin-vue%2Fdownload%2Feslint-plugin-vue-7.4.1.tgz#2526ef0c010c218824a89423dbe6ddbe76f04fd6"
    integrity sha1-JSbvDAEMIYgkqJQj2+bdvnbwT9Y=
    dependencies:
      eslint-utils "^2.1.0"
      natural-compare "^1.4.0"
      semver "^7.3.2"
      vue-eslint-parser "^7.3.0"
  
  eslint-scope@^5.0.0:
    version "5.1.1"
    resolved "https://registry.npm.taobao.org/eslint-scope/download/eslint-scope-5.1.1.tgz?cache=0&sync_timestamp=1599933651660&other_urls=https%3A%2F%2Fregistry.npm.taobao.org%2Feslint-scope%2Fdownload%2Feslint-scope-5.1.1.tgz#e786e59a66cb92b3f6c1fb0d508aab174848f48c"
    integrity sha1-54blmmbLkrP2wfsNUIqrF0hI9Iw=
    dependencies:
      esrecurse "^4.3.0"
      estraverse "^4.1.1"
  
  eslint-utils@^1.4.3:
    version "1.4.3"
    resolved "https://registry.npm.taobao.org/eslint-utils/download/eslint-utils-1.4.3.tgz?cache=0&other_urls=https%3A%2F%2Fregistry.npm.taobao.org%2Feslint-utils%2Fdownload%2Feslint-utils-1.4.3.tgz#74fec7c54d0776b6f67e0251040b5806564e981f"
    integrity sha1-dP7HxU0Hdrb2fgJRBAtYBlZOmB8=
    dependencies:
      eslint-visitor-keys "^1.1.0"
  
  eslint-utils@^2.0.0, eslint-utils@^2.1.0:
    version "2.1.0"
    resolved "https://registry.npm.taobao.org/eslint-utils/download/eslint-utils-2.1.0.tgz?cache=0&other_urls=https%3A%2F%2Fregistry.npm.taobao.org%2Feslint-utils%2Fdownload%2Feslint-utils-2.1.0.tgz#d2de5e03424e707dc10c74068ddedae708741b27"
    integrity sha1-0t5eA0JOcH3BDHQGjd7a5wh0Gyc=
    dependencies:
      eslint-visitor-keys "^1.1.0"
  
  eslint-visitor-keys@^1.1.0:
    version "1.3.0"
    resolved "https://registry.npm.taobao.org/eslint-visitor-keys/download/eslint-visitor-keys-1.3.0.tgz?cache=0&other_urls=https%3A%2F%2Fregistry.npm.taobao.org%2Feslint-visitor-keys%2Fdownload%2Feslint-visitor-keys-1.3.0.tgz#30ebd1ef7c2fdff01c3a4f151044af25fab0523e"
    integrity sha1-MOvR73wv3/AcOk8VEESvJfqwUj4=
  
  eslint@^6.7.2:
    version "6.8.0"
    resolved "https://registry.npm.taobao.org/eslint/download/eslint-6.8.0.tgz?cache=0&sync_timestamp=1610751984223&other_urls=https%3A%2F%2Fregistry.npm.taobao.org%2Feslint%2Fdownload%2Feslint-6.8.0.tgz#62262d6729739f9275723824302fb227c8c93ffb"
    integrity sha1-YiYtZylzn5J1cjgkMC+yJ8jJP/s=
    dependencies:
      "@babel/code-frame" "^7.0.0"
      ajv "^6.10.0"
      chalk "^2.1.0"
      cross-spawn "^6.0.5"
      debug "^4.0.1"
      doctrine "^3.0.0"
      eslint-scope "^5.0.0"
      eslint-utils "^1.4.3"
      eslint-visitor-keys "^1.1.0"
      espree "^6.1.2"
      esquery "^1.0.1"
      esutils "^2.0.2"
      file-entry-cache "^5.0.1"
      functional-red-black-tree "^1.0.1"
      glob-parent "^5.0.0"
      globals "^12.1.0"
      ignore "^4.0.6"
      import-fresh "^3.0.0"
      imurmurhash "^0.1.4"
      inquirer "^7.0.0"
      is-glob "^4.0.0"
      js-yaml "^3.13.1"
      json-stable-stringify-without-jsonify "^1.0.1"
      levn "^0.3.0"
      lodash "^4.17.14"
      minimatch "^3.0.4"
      mkdirp "^0.5.1"
      natural-compare "^1.4.0"
      optionator "^0.8.3"
      progress "^2.0.0"
      regexpp "^2.0.1"
      semver "^6.1.2"
      strip-ansi "^5.2.0"
      strip-json-comments "^3.0.1"
      table "^5.2.3"
      text-table "^0.2.0"
      v8-compile-cache "^2.0.3"
  
  espree@^6.1.2, espree@^6.2.1:
    version "6.2.1"
    resolved "https://registry.npm.taobao.org/espree/download/espree-6.2.1.tgz?cache=0&sync_timestamp=1607143966756&other_urls=https%3A%2F%2Fregistry.npm.taobao.org%2Fespree%2Fdownload%2Fespree-6.2.1.tgz#77fc72e1fd744a2052c20f38a5b575832e82734a"
    integrity sha1-d/xy4f10SiBSwg84pbV1gy6Cc0o=
    dependencies:
      acorn "^7.1.1"
      acorn-jsx "^5.2.0"
      eslint-visitor-keys "^1.1.0"
  
  esprima@^4.0.0:
    version "4.0.1"
    resolved "https://registry.npm.taobao.org/esprima/download/esprima-4.0.1.tgz#13b04cdb3e6c5d19df91ab6987a8695619b0aa71"
    integrity sha1-E7BM2z5sXRnfkatph6hpVhmwqnE=
  
  esquery@^1.0.1:
    version "1.3.1"
    resolved "https://registry.npm.taobao.org/esquery/download/esquery-1.3.1.tgz#b78b5828aa8e214e29fb74c4d5b752e1c033da57"
    integrity sha1-t4tYKKqOIU4p+3TE1bdS4cAz2lc=
    dependencies:
      estraverse "^5.1.0"
  
  esrecurse@^4.3.0:
    version "4.3.0"
    resolved "https://registry.npm.taobao.org/esrecurse/download/esrecurse-4.3.0.tgz#7ad7964d679abb28bee72cec63758b1c5d2c9921"
    integrity sha1-eteWTWeauyi+5yzsY3WLHF0smSE=
    dependencies:
      estraverse "^5.2.0"
  
  estraverse@^4.1.1:
    version "4.3.0"
    resolved "https://registry.npm.taobao.org/estraverse/download/estraverse-4.3.0.tgz#398ad3f3c5a24948be7725e83d11a7de28cdbd1d"
    integrity sha1-OYrT88WiSUi+dyXoPRGn3ijNvR0=
  
  estraverse@^5.1.0, estraverse@^5.2.0:
    version "5.2.0"
    resolved "https://registry.npm.taobao.org/estraverse/download/estraverse-5.2.0.tgz#307df42547e6cc7324d3cf03c155d5cdb8c53880"
    integrity sha1-MH30JUfmzHMk088DwVXVzbjFOIA=
  
  estree-walker@^2.0.1:
    version "2.0.2"
    resolved "https://registry.npm.taobao.org/estree-walker/download/estree-walker-2.0.2.tgz#52f010178c2a4c117a7757cfe942adb7d2da4cac"
    integrity sha1-UvAQF4wqTBF6d1fP6UKtt9LaTKw=
  
  esutils@^2.0.2:
    version "2.0.3"
    resolved "https://registry.npm.taobao.org/esutils/download/esutils-2.0.3.tgz#74d2eb4de0b8da1293711910d50775b9b710ef64"
    integrity sha1-dNLrTeC42hKTcRkQ1Qd1ubcQ72Q=
  
  external-editor@^3.0.3:
    version "3.1.0"
    resolved "https://registry.npm.taobao.org/external-editor/download/external-editor-3.1.0.tgz#cb03f740befae03ea4d283caed2741a83f335495"
    integrity sha1-ywP3QL764D6k0oPK7SdBqD8zVJU=
    dependencies:
      chardet "^0.7.0"
      iconv-lite "^0.4.24"
      tmp "^0.0.33"
  
  fast-deep-equal@^3.1.1:
    version "3.1.3"
    resolved "https://registry.npm.taobao.org/fast-deep-equal/download/fast-deep-equal-3.1.3.tgz#3a7d56b559d6cbc3eb512325244e619a65c6c525"
    integrity sha1-On1WtVnWy8PrUSMlJE5hmmXGxSU=
  
  fast-diff@^1.1.2:
    version "1.2.0"
    resolved "https://registry.npm.taobao.org/fast-diff/download/fast-diff-1.2.0.tgz#73ee11982d86caaf7959828d519cfe927fac5f03"
    integrity sha1-c+4RmC2Gyq95WYKNUZz+kn+sXwM=
  
  fast-json-stable-stringify@^2.0.0:
    version "2.1.0"
    resolved "https://registry.npm.taobao.org/fast-json-stable-stringify/download/fast-json-stable-stringify-2.1.0.tgz#874bf69c6f404c2b5d99c481341399fd55892633"
    integrity sha1-h0v2nG9ATCtdmcSBNBOZ/VWJJjM=
  
  fast-levenshtein@~2.0.6:
    version "2.0.6"
    resolved "https://registry.npm.taobao.org/fast-levenshtein/download/fast-levenshtein-2.0.6.tgz#3d8a5c66883a16a30ca8643e851f19baa7797917"
    integrity sha1-PYpcZog6FqMMqGQ+hR8Zuqd5eRc=
  
  figures@^3.0.0:
    version "3.2.0"
    resolved "https://registry.npm.taobao.org/figures/download/figures-3.2.0.tgz#625c18bd293c604dc4a8ddb2febf0c88341746af"
    integrity sha1-YlwYvSk8YE3EqN2y/r8MiDQXRq8=
    dependencies:
      escape-string-regexp "^1.0.5"
  
  file-entry-cache@^5.0.1:
    version "5.0.1"
    resolved "https://registry.npm.taobao.org/file-entry-cache/download/file-entry-cache-5.0.1.tgz?cache=0&sync_timestamp=1604832267816&other_urls=https%3A%2F%2Fregistry.npm.taobao.org%2Ffile-entry-cache%2Fdownload%2Ffile-entry-cache-5.0.1.tgz#ca0f6efa6dd3d561333fb14515065c2fafdf439c"
    integrity sha1-yg9u+m3T1WEzP7FFFQZcL6/fQ5w=
    dependencies:
      flat-cache "^2.0.1"
  
  flat-cache@^2.0.1:
    version "2.0.1"
    resolved "https://registry.npm.taobao.org/flat-cache/download/flat-cache-2.0.1.tgz?cache=0&sync_timestamp=1604831838291&other_urls=https%3A%2F%2Fregistry.npm.taobao.org%2Fflat-cache%2Fdownload%2Fflat-cache-2.0.1.tgz#5d296d6f04bda44a4630a301413bdbc2ec085ec0"
    integrity sha1-XSltbwS9pEpGMKMBQTvbwuwIXsA=
    dependencies:
      flatted "^2.0.0"
      rimraf "2.6.3"
      write "1.0.3"
  
  flatted@^2.0.0:
    version "2.0.2"
    resolved "https://registry.npm.taobao.org/flatted/download/flatted-2.0.2.tgz#4575b21e2bcee7434aa9be662f4b7b5f9c2b5138"
    integrity sha1-RXWyHivO50NKqb5mL0t7X5wrUTg=
  
  follow-redirects@^1.10.0:
    version "1.13.1"
    resolved "https://registry.npm.taobao.org/follow-redirects/download/follow-redirects-1.13.1.tgz?cache=0&sync_timestamp=1607916886138&other_urls=https%3A%2F%2Fregistry.npm.taobao.org%2Ffollow-redirects%2Fdownload%2Ffollow-redirects-1.13.1.tgz#5f69b813376cee4fd0474a3aba835df04ab763b7"
    integrity sha1-X2m4Ezds7k/QR0o6uoNd8Eq3Y7c=
  
  fs.realpath@^1.0.0:
    version "1.0.0"
    resolved "https://registry.npm.taobao.org/fs.realpath/download/fs.realpath-1.0.0.tgz#1504ad2523158caa40db4a2787cb01411994ea4f"
    integrity sha1-FQStJSMVjKpA20onh8sBQRmU6k8=
  
  fsevents@~2.1.2:
    version "2.1.3"
    resolved "https://registry.npm.taobao.org/fsevents/download/fsevents-2.1.3.tgz#fb738703ae8d2f9fe900c33836ddebee8b97f23e"
    integrity sha1-+3OHA66NL5/pAMM4Nt3r7ouX8j4=
  
  function-bind@^1.1.1:
    version "1.1.1"
    resolved "https://registry.npm.taobao.org/function-bind/download/function-bind-1.1.1.tgz#a56899d3ea3c9bab874bb9773b7c5ede92f4895d"
    integrity sha1-pWiZ0+o8m6uHS7l3O3xe3pL0iV0=
  
  functional-red-black-tree@^1.0.1:
    version "1.0.1"
    resolved "https://registry.npm.taobao.org/functional-red-black-tree/download/functional-red-black-tree-1.0.1.tgz?cache=0&other_urls=https%3A%2F%2Fregistry.npm.taobao.org%2Ffunctional-red-black-tree%2Fdownload%2Ffunctional-red-black-tree-1.0.1.tgz#1b0ab3bd553b2a0d6399d29c0e3ea0b252078327"
    integrity sha1-GwqzvVU7Kg1jmdKcDj6gslIHgyc=
  
  generic-names@^2.0.1:
    version "2.0.1"
    resolved "https://registry.npm.taobao.org/generic-names/download/generic-names-2.0.1.tgz?cache=0&sync_timestamp=1603542269880&other_urls=https%3A%2F%2Fregistry.npm.taobao.org%2Fgeneric-names%2Fdownload%2Fgeneric-names-2.0.1.tgz#f8a378ead2ccaa7a34f0317b05554832ae41b872"
    integrity sha1-+KN46tLMqno08DF7BVVIMq5BuHI=
    dependencies:
      loader-utils "^1.1.0"
  
  glob-parent@^5.0.0:
    version "5.1.1"
    resolved "https://registry.npm.taobao.org/glob-parent/download/glob-parent-5.1.1.tgz#b6c1ef417c4e5663ea498f1c45afac6916bbc229"
    integrity sha1-tsHvQXxOVmPqSY8cRa+saRa7wik=
    dependencies:
      is-glob "^4.0.1"
  
  glob@^7.1.3, glob@^7.1.6:
    version "7.1.6"
    resolved "https://registry.npm.taobao.org/glob/download/glob-7.1.6.tgz?cache=0&sync_timestamp=1599054256752&other_urls=https%3A%2F%2Fregistry.npm.taobao.org%2Fglob%2Fdownload%2Fglob-7.1.6.tgz#141f33b81a7c2492e125594307480c46679278a6"
    integrity sha1-FB8zuBp8JJLhJVlDB0gMRmeSeKY=
    dependencies:
      fs.realpath "^1.0.0"
      inflight "^1.0.4"
      inherits "2"
      minimatch "^3.0.4"
      once "^1.3.0"
      path-is-absolute "^1.0.0"
  
  globals@^12.1.0:
    version "12.4.0"
    resolved "https://registry.npm.taobao.org/globals/download/globals-12.4.0.tgz?cache=0&sync_timestamp=1608438490211&other_urls=https%3A%2F%2Fregistry.npm.taobao.org%2Fglobals%2Fdownload%2Fglobals-12.4.0.tgz#a18813576a41b00a24a97e7f815918c2e19925f8"
    integrity sha1-oYgTV2pBsAokqX5/gVkYwuGZJfg=
    dependencies:
      type-fest "^0.8.1"
  
  has-flag@^3.0.0:
    version "3.0.0"
    resolved "https://registry.npm.taobao.org/has-flag/download/has-flag-3.0.0.tgz#b5d454dc2199ae225699f3467e5a07f3b955bafd"
    integrity sha1-tdRU3CGZriJWmfNGfloH87lVuv0=
  
  has-flag@^4.0.0:
    version "4.0.0"
    resolved "https://registry.npm.taobao.org/has-flag/download/has-flag-4.0.0.tgz#944771fd9c81c81265c4d6941860da06bb59479b"
    integrity sha1-lEdx/ZyByBJlxNaUGGDaBrtZR5s=
  
  has@^1.0.3:
    version "1.0.3"
    resolved "https://registry.npm.taobao.org/has/download/has-1.0.3.tgz#722d7cbfc1f6aa8241f16dd814e011e1f41e8796"
    integrity sha1-ci18v8H2qoJB8W3YFOAR4fQeh5Y=
    dependencies:
      function-bind "^1.1.1"
  
  hash-sum@^2.0.0:
    version "2.0.0"
    resolved "https://registry.npm.taobao.org/hash-sum/download/hash-sum-2.0.0.tgz#81d01bb5de8ea4a214ad5d6ead1b523460b0b45a"
    integrity sha1-gdAbtd6OpKIUrV1urRtSNGCwtFo=
  
  iconv-lite@^0.4.24:
    version "0.4.24"
    resolved "https://registry.npm.taobao.org/iconv-lite/download/iconv-lite-0.4.24.tgz#2022b4b25fbddc21d2f524974a474aafe733908b"
    integrity sha1-ICK0sl+93CHS9SSXSkdKr+czkIs=
    dependencies:
      safer-buffer ">= 2.1.2 < 3"
  
  icss-replace-symbols@^1.1.0:
    version "1.1.0"
    resolved "https://registry.npm.taobao.org/icss-replace-symbols/download/icss-replace-symbols-1.1.0.tgz#06ea6f83679a7749e386cfe1fe812ae5db223ded"
    integrity sha1-Bupvg2ead0njhs/h/oEq5dsiPe0=
  
  icss-utils@^4.0.0, icss-utils@^4.1.1:
    version "4.1.1"
    resolved "https://registry.npm.taobao.org/icss-utils/download/icss-utils-4.1.1.tgz?cache=0&sync_timestamp=1605801291394&other_urls=https%3A%2F%2Fregistry.npm.taobao.org%2Ficss-utils%2Fdownload%2Ficss-utils-4.1.1.tgz#21170b53789ee27447c2f47dd683081403f9a467"
    integrity sha1-IRcLU3ie4nRHwvR91oMIFAP5pGc=
    dependencies:
      postcss "^7.0.14"
  
  ignore@^4.0.6:
    version "4.0.6"
    resolved "https://registry.npm.taobao.org/ignore/download/ignore-4.0.6.tgz#750e3db5862087b4737ebac8207ffd1ef27b25fc"
    integrity sha1-dQ49tYYgh7RzfrrIIH/9HvJ7Jfw=
  
  import-fresh@^3.0.0:
    version "3.3.0"
    resolved "https://registry.npm.taobao.org/import-fresh/download/import-fresh-3.3.0.tgz?cache=0&sync_timestamp=1608469561643&other_urls=https%3A%2F%2Fregistry.npm.taobao.org%2Fimport-fresh%2Fdownload%2Fimport-fresh-3.3.0.tgz#37162c25fcb9ebaa2e6e53d5b4d88ce17d9e0c2b"
    integrity sha1-NxYsJfy566oublPVtNiM4X2eDCs=
    dependencies:
      parent-module "^1.0.0"
      resolve-from "^4.0.0"
  
  imurmurhash@^0.1.4:
    version "0.1.4"
    resolved "https://registry.npm.taobao.org/imurmurhash/download/imurmurhash-0.1.4.tgz#9218b9b2b928a238b13dc4fb6b6d576f231453ea"
    integrity sha1-khi5srkoojixPcT7a21XbyMUU+o=
  
  indexes-of@^1.0.1:
    version "1.0.1"
    resolved "https://registry.npm.taobao.org/indexes-of/download/indexes-of-1.0.1.tgz#f30f716c8e2bd346c7b67d3df3915566a7c05607"
    integrity sha1-8w9xbI4r00bHtn0985FVZqfAVgc=
  
  inflight@^1.0.4:
    version "1.0.6"
    resolved "https://registry.npm.taobao.org/inflight/download/inflight-1.0.6.tgz#49bd6331d7d02d0c09bc910a1075ba8165b56df9"
    integrity sha1-Sb1jMdfQLQwJvJEKEHW6gWW1bfk=
    dependencies:
      once "^1.3.0"
      wrappy "1"
  
  inherits@2:
    version "2.0.4"
    resolved "https://registry.npm.taobao.org/inherits/download/inherits-2.0.4.tgz#0fa2c64f932917c3433a0ded55363aae37416b7c"
    integrity sha1-D6LGT5MpF8NDOg3tVTY6rjdBa3w=
  
  inquirer@^7.0.0:
    version "7.3.3"
    resolved "https://registry.npm.taobao.org/inquirer/download/inquirer-7.3.3.tgz#04d176b2af04afc157a83fd7c100e98ee0aad003"
    integrity sha1-BNF2sq8Er8FXqD/XwQDpjuCq0AM=
    dependencies:
      ansi-escapes "^4.2.1"
      chalk "^4.1.0"
      cli-cursor "^3.1.0"
      cli-width "^3.0.0"
      external-editor "^3.0.3"
      figures "^3.0.0"
      lodash "^4.17.19"
      mute-stream "0.0.8"
      run-async "^2.4.0"
      rxjs "^6.6.0"
      string-width "^4.1.0"
      strip-ansi "^6.0.0"
      through "^2.3.6"
  
  is-core-module@^2.1.0:
    version "2.2.0"
    resolved "https://registry.npm.taobao.org/is-core-module/download/is-core-module-2.2.0.tgz?cache=0&sync_timestamp=1606411622542&other_urls=https%3A%2F%2Fregistry.npm.taobao.org%2Fis-core-module%2Fdownload%2Fis-core-module-2.2.0.tgz#97037ef3d52224d85163f5597b2b63d9afed981a"
    integrity sha1-lwN+89UiJNhRY/VZeytj2a/tmBo=
    dependencies:
      has "^1.0.3"
  
  is-extglob@^2.1.1:
    version "2.1.1"
    resolved "https://registry.npm.taobao.org/is-extglob/download/is-extglob-2.1.1.tgz#a88c02535791f02ed37c76a1b9ea9773c833f8c2"
    integrity sha1-qIwCU1eR8C7TfHahueqXc8gz+MI=
  
  is-fullwidth-code-point@^2.0.0:
    version "2.0.0"
    resolved "https://registry.npm.taobao.org/is-fullwidth-code-point/download/is-fullwidth-code-point-2.0.0.tgz#a3b30a5c4f199183167aaab93beefae3ddfb654f"
    integrity sha1-o7MKXE8ZkYMWeqq5O+764937ZU8=
  
  is-fullwidth-code-point@^3.0.0:
    version "3.0.0"
    resolved "https://registry.npm.taobao.org/is-fullwidth-code-point/download/is-fullwidth-code-point-3.0.0.tgz#f116f8064fe90b3f7844a38997c0b75051269f1d"
    integrity sha1-8Rb4Bk/pCz94RKOJl8C3UFEmnx0=
  
  is-glob@^4.0.0, is-glob@^4.0.1:
    version "4.0.1"
    resolved "https://registry.npm.taobao.org/is-glob/download/is-glob-4.0.1.tgz#7567dbe9f2f5e2467bc77ab83c4a29482407a5dc"
    integrity sha1-dWfb6fL14kZ7x3q4PEopSCQHpdw=
    dependencies:
      is-extglob "^2.1.1"
  
  is-mobile@^2.2.1:
    version "2.2.2"
    resolved "https://registry.npm.taobao.org/is-mobile/download/is-mobile-2.2.2.tgz#f6c9c5d50ee01254ce05e739bdd835f1ed4e9954"
    integrity sha1-9snF1Q7gElTOBec5vdg18e1OmVQ=
  
  is-plain-object@3.0.1:
    version "3.0.1"
    resolved "https://registry.npm.taobao.org/is-plain-object/download/is-plain-object-3.0.1.tgz#662d92d24c0aa4302407b0d45d21f2251c85f85b"
    integrity sha1-Zi2S0kwKpDAkB7DUXSHyJRyF+Fs=
  
  isexe@^2.0.0:
    version "2.0.0"
    resolved "https://registry.npm.taobao.org/isexe/download/isexe-2.0.0.tgz#e8fbf374dc556ff8947a10dcb0572d633f2cfa10"
    integrity sha1-6PvzdNxVb/iUehDcsFctYz8s+hA=
  
  "js-tokens@^3.0.0 || ^4.0.0", js-tokens@^4.0.0:
    version "4.0.0"
    resolved "https://registry.npm.taobao.org/js-tokens/download/js-tokens-4.0.0.tgz#19203fb59991df98e3a287050d4647cdeaf32499"
    integrity sha1-GSA/tZmR35jjoocFDUZHzerzJJk=
  
  js-yaml@^3.13.1:
    version "3.14.1"
    resolved "https://registry.npm.taobao.org/js-yaml/download/js-yaml-3.14.1.tgz?cache=0&sync_timestamp=1609680108107&other_urls=https%3A%2F%2Fregistry.npm.taobao.org%2Fjs-yaml%2Fdownload%2Fjs-yaml-3.14.1.tgz#dae812fdb3825fa306609a8717383c50c36a0537"
    integrity sha1-2ugS/bOCX6MGYJqHFzg8UMNqBTc=
    dependencies:
      argparse "^1.0.7"
      esprima "^4.0.0"
  
  json-schema-traverse@^0.4.1:
    version "0.4.1"
    resolved "https://registry.npm.taobao.org/json-schema-traverse/download/json-schema-traverse-0.4.1.tgz?cache=0&sync_timestamp=1607999852153&other_urls=https%3A%2F%2Fregistry.npm.taobao.org%2Fjson-schema-traverse%2Fdownload%2Fjson-schema-traverse-0.4.1.tgz#69f6a87d9513ab8bb8fe63bdb0979c448e684660"
    integrity sha1-afaofZUTq4u4/mO9sJecRI5oRmA=
  
  json-stable-stringify-without-jsonify@^1.0.1:
    version "1.0.1"
    resolved "https://registry.npm.taobao.org/json-stable-stringify-without-jsonify/download/json-stable-stringify-without-jsonify-1.0.1.tgz#9db7b59496ad3f3cfef30a75142d2d930ad72651"
    integrity sha1-nbe1lJatPzz+8wp1FC0tkwrXJlE=
  
  json5@^1.0.1:
    version "1.0.1"
    resolved "https://registry.npm.taobao.org/json5/download/json5-1.0.1.tgz?cache=0&sync_timestamp=1599054166959&other_urls=https%3A%2F%2Fregistry.npm.taobao.org%2Fjson5%2Fdownload%2Fjson5-1.0.1.tgz#779fb0018604fa854eacbf6252180d83543e3dbe"
    integrity sha1-d5+wAYYE+oVOrL9iUhgNg1Q+Pb4=
    dependencies:
      minimist "^1.2.0"
  
  levn@^0.3.0, levn@~0.3.0:
    version "0.3.0"
    resolved "https://registry.npm.taobao.org/levn/download/levn-0.3.0.tgz#3b09924edf9f083c0490fdd4c0bc4421e04764ee"
    integrity sha1-OwmSTt+fCDwEkP3UwLxEIeBHZO4=
    dependencies:
      prelude-ls "~1.1.2"
      type-check "~0.3.2"
  
  loader-utils@^1.1.0:
    version "1.4.0"
    resolved "https://registry.npm.taobao.org/loader-utils/download/loader-utils-1.4.0.tgz#c579b5e34cb34b1a74edc6c1fb36bfa371d5a613"
    integrity sha1-xXm140yzSxp07cbB+za/o3HVphM=
    dependencies:
      big.js "^5.2.2"
      emojis-list "^3.0.0"
      json5 "^1.0.1"
  
  lodash-es@^4.17.15:
    version "4.17.20"
    resolved "https://registry.npm.taobao.org/lodash-es/download/lodash-es-4.17.20.tgz?cache=0&sync_timestamp=1608444851021&other_urls=https%3A%2F%2Fregistry.npm.taobao.org%2Flodash-es%2Fdownload%2Flodash-es-4.17.20.tgz#29f6332eefc60e849f869c264bc71126ad61e8f7"
    integrity sha1-KfYzLu/GDoSfhpwmS8cRJq1h6Pc=
  
  lodash.camelcase@^4.3.0:
    version "4.3.0"
    resolved "https://registry.npm.taobao.org/lodash.camelcase/download/lodash.camelcase-4.3.0.tgz#b28aa6288a2b9fc651035c7711f65ab6190331a6"
    integrity sha1-soqmKIorn8ZRA1x3EfZathkDMaY=
  
  lodash@^4.17.14, lodash@^4.17.15, lodash@^4.17.19:
    version "4.17.20"
    resolved "https://registry.npm.taobao.org/lodash/download/lodash-4.17.20.tgz#b44a9b6297bcb698f1c51a3545a2b3b368d59c52"
    integrity sha1-tEqbYpe8tpjxxRo1RaKzs2jVnFI=
  
  loose-envify@^1.0.0:
    version "1.4.0"
    resolved "https://registry.npm.taobao.org/loose-envify/download/loose-envify-1.4.0.tgz#71ee51fa7be4caec1a63839f7e682d8132d30caf"
    integrity sha1-ce5R+nvkyuwaY4OffmgtgTLTDK8=
    dependencies:
      js-tokens "^3.0.0 || ^4.0.0"
  
  lru-cache@^5.1.1:
    version "5.1.1"
    resolved "https://registry.npm.taobao.org/lru-cache/download/lru-cache-5.1.1.tgz?cache=0&sync_timestamp=1599054167787&other_urls=https%3A%2F%2Fregistry.npm.taobao.org%2Flru-cache%2Fdownload%2Flru-cache-5.1.1.tgz#1da27e6710271947695daf6848e847f01d84b920"
    integrity sha1-HaJ+ZxAnGUdpXa9oSOhH8B2EuSA=
    dependencies:
      yallist "^3.0.2"
  
  lru-cache@^6.0.0:
    version "6.0.0"
    resolved "https://registry.npm.taobao.org/lru-cache/download/lru-cache-6.0.0.tgz?cache=0&sync_timestamp=1599054167787&other_urls=https%3A%2F%2Fregistry.npm.taobao.org%2Flru-cache%2Fdownload%2Flru-cache-6.0.0.tgz#6d6fe6570ebd96aaf90fcad1dafa3b2566db3a94"
    integrity sha1-bW/mVw69lqr5D8rR2vo7JWbbOpQ=
    dependencies:
      yallist "^4.0.0"
  
  magic-string@^0.25.7:
    version "0.25.7"
    resolved "https://registry.npm.taobao.org/magic-string/download/magic-string-0.25.7.tgz#3f497d6fd34c669c6798dcb821f2ef31f5445051"
    integrity sha1-P0l9b9NMZpxnmNy4IfLvMfVEUFE=
    dependencies:
      sourcemap-codec "^1.4.4"
  
  marked@*, marked@^1.2.8:
    version "1.2.8"
    resolved "https://registry.npm.taobao.org/marked/download/marked-1.2.8.tgz#5008ece15cfa43e653e85845f3525af4beb6bdd4"
    integrity sha1-UAjs4Vz6Q+ZT6FhF81Ja9L62vdQ=
  
  merge-source-map@^1.1.0:
    version "1.1.0"
    resolved "https://registry.npm.taobao.org/merge-source-map/download/merge-source-map-1.1.0.tgz#2fdde7e6020939f70906a68f2d7ae685e4c8c646"
    integrity sha1-L93n5gIJOfcJBqaPLXrmheTIxkY=
    dependencies:
      source-map "^0.6.1"
  
  mimic-fn@^2.1.0:
    version "2.1.0"
    resolved "https://registry.npm.taobao.org/mimic-fn/download/mimic-fn-2.1.0.tgz#7ed2c2ccccaf84d3ffcb7a69b57711fc2083401b"
    integrity sha1-ftLCzMyvhNP/y3pptXcR/CCDQBs=
  
  minimatch@^3.0.4:
    version "3.0.4"
    resolved "https://registry.npm.taobao.org/minimatch/download/minimatch-3.0.4.tgz#5166e286457f03306064be5497e8dbb0c3d32083"
    integrity sha1-UWbihkV/AzBgZL5Ul+jbsMPTIIM=
    dependencies:
      brace-expansion "^1.1.7"
  
  minimist@^1.2.0, minimist@^1.2.5:
    version "1.2.5"
    resolved "https://registry.npm.taobao.org/minimist/download/minimist-1.2.5.tgz#67d66014b66a6a8aaa0c083c5fd58df4e4e97602"
    integrity sha1-Z9ZgFLZqaoqqDAg8X9WN9OTpdgI=
  
  mkdirp@^0.5.1:
    version "0.5.5"
    resolved "https://registry.npm.taobao.org/mkdirp/download/mkdirp-0.5.5.tgz?cache=0&other_urls=https%3A%2F%2Fregistry.npm.taobao.org%2Fmkdirp%2Fdownload%2Fmkdirp-0.5.5.tgz#d91cefd62d1436ca0f41620e251288d420099def"
    integrity sha1-2Rzv1i0UNsoPQWIOJRKI1CAJne8=
    dependencies:
      minimist "^1.2.5"
  
  moment@^2.27.0, moment@^2.29.1:
    version "2.29.1"
    resolved "https://registry.npm.taobao.org/moment/download/moment-2.29.1.tgz#b2be769fa31940be9eeea6469c075e35006fa3d3"
    integrity sha1-sr52n6MZQL6e7qZGnAdeNQBvo9M=
  
  ms@2.1.2:
    version "2.1.2"
    resolved "https://registry.npm.taobao.org/ms/download/ms-2.1.2.tgz?cache=0&sync_timestamp=1607433842694&other_urls=https%3A%2F%2Fregistry.npm.taobao.org%2Fms%2Fdownload%2Fms-2.1.2.tgz#d09d1f357b443f493382a8eb3ccd183872ae6009"
    integrity sha1-0J0fNXtEP0kzgqjrPM0YOHKuYAk=
  
  mute-stream@0.0.8:
    version "0.0.8"
    resolved "https://registry.npm.taobao.org/mute-stream/download/mute-stream-0.0.8.tgz#1630c42b2251ff81e2a283de96a5497ea92e5e0d"
    integrity sha1-FjDEKyJR/4HiooPelqVJfqkuXg0=
  
  nanoid@^3.1.20:
    version "3.1.20"
    resolved "https://registry.npm.taobao.org/nanoid/download/nanoid-3.1.20.tgz#badc263c6b1dcf14b71efaa85f6ab4c1d6cfc788"
    integrity sha1-utwmPGsdzxS3HvqoX2q0wdbPx4g=
  
  nanopop@^2.1.0:
    version "2.1.0"
    resolved "https://registry.npm.taobao.org/nanopop/download/nanopop-2.1.0.tgz#23476513cee2405888afd2e8a4b54066b70b9e60"
    integrity sha1-I0dlE87iQFiIr9LopLVAZrcLnmA=
  
  natural-compare@^1.4.0:
    version "1.4.0"
    resolved "https://registry.npm.taobao.org/natural-compare/download/natural-compare-1.4.0.tgz#4abebfeed7541f2c27acfb29bdbbd15c8d5ba4f7"
    integrity sha1-Sr6/7tdUHywnrPspvbvRXI1bpPc=
  
  nice-try@^1.0.4:
    version "1.0.5"
    resolved "https://registry.npm.taobao.org/nice-try/download/nice-try-1.0.5.tgz#a3378a7696ce7d223e88fc9b764bd7ef1089e366"
    integrity sha1-ozeKdpbOfSI+iPybdkvX7xCJ42Y=
  
  omit.js@^2.0.0:
    version "2.0.2"
    resolved "https://registry.npm.taobao.org/omit.js/download/omit.js-2.0.2.tgz#dd9b8436fab947a5f3ff214cb2538631e313ec2f"
    integrity sha1-3ZuENvq5R6Xz/yFMslOGMeMT7C8=
  
  once@^1.3.0:
    version "1.4.0"
    resolved "https://registry.npm.taobao.org/once/download/once-1.4.0.tgz#583b1aa775961d4b113ac17d9c50baef9dd76bd1"
    integrity sha1-WDsap3WWHUsROsF9nFC6753Xa9E=
    dependencies:
      wrappy "1"
  
  onetime@^5.1.0:
    version "5.1.2"
    resolved "https://registry.npm.taobao.org/onetime/download/onetime-5.1.2.tgz#d0e96ebb56b07476df1dd9c4806e5237985ca45e"
    integrity sha1-0Oluu1awdHbfHdnEgG5SN5hcpF4=
    dependencies:
      mimic-fn "^2.1.0"
  
  optionator@^0.8.3:
    version "0.8.3"
    resolved "https://registry.npm.taobao.org/optionator/download/optionator-0.8.3.tgz#84fa1d036fe9d3c7e21d99884b601167ec8fb495"
    integrity sha1-hPodA2/p08fiHZmIS2ARZ+yPtJU=
    dependencies:
      deep-is "~0.1.3"
      fast-levenshtein "~2.0.6"
      levn "~0.3.0"
      prelude-ls "~1.1.2"
      type-check "~0.3.2"
      word-wrap "~1.2.3"
  
  os-tmpdir@~1.0.2:
    version "1.0.2"
    resolved "https://registry.npm.taobao.org/os-tmpdir/download/os-tmpdir-1.0.2.tgz#bbe67406c79aa85c5cfec766fe5734555dfa1274"
    integrity sha1-u+Z0BseaqFxc/sdm/lc0VV36EnQ=
  
  parent-module@^1.0.0:
    version "1.0.1"
    resolved "https://registry.npm.taobao.org/parent-module/download/parent-module-1.0.1.tgz#691d2709e78c79fae3a156622452d00762caaaa2"
    integrity sha1-aR0nCeeMefrjoVZiJFLQB2LKqqI=
    dependencies:
      callsites "^3.0.0"
  
  path-is-absolute@^1.0.0:
    version "1.0.1"
    resolved "https://registry.npm.taobao.org/path-is-absolute/download/path-is-absolute-1.0.1.tgz#174b9268735534ffbc7ace6bf53a5a9e1b5c5f5f"
    integrity sha1-F0uSaHNVNP+8es5r9TpanhtcX18=
  
  path-key@^2.0.1:
    version "2.0.1"
    resolved "https://registry.npm.taobao.org/path-key/download/path-key-2.0.1.tgz#411cadb574c5a140d3a4b1910d40d80cc9f40b40"
    integrity sha1-QRyttXTFoUDTpLGRDUDYDMn0C0A=
  
  path-parse@^1.0.6:
    version "1.0.6"
    resolved "https://registry.npm.taobao.org/path-parse/download/path-parse-1.0.6.tgz#d62dbb5679405d72c4737ec58600e9ddcf06d24c"
    integrity sha1-1i27VnlAXXLEc37FhgDp3c8G0kw=
  
  postcss-modules-extract-imports@^2.0.0:
    version "2.0.0"
    resolved "https://registry.npm.taobao.org/postcss-modules-extract-imports/download/postcss-modules-extract-imports-2.0.0.tgz?cache=0&sync_timestamp=1602588245463&other_urls=https%3A%2F%2Fregistry.npm.taobao.org%2Fpostcss-modules-extract-imports%2Fdownload%2Fpostcss-modules-extract-imports-2.0.0.tgz#818719a1ae1da325f9832446b01136eeb493cd7e"
    integrity sha1-gYcZoa4doyX5gyRGsBE27rSTzX4=
    dependencies:
      postcss "^7.0.5"
  
  postcss-modules-local-by-default@^3.0.2:
    version "3.0.3"
    resolved "https://registry.npm.taobao.org/postcss-modules-local-by-default/download/postcss-modules-local-by-default-3.0.3.tgz?cache=0&sync_timestamp=1602587568476&other_urls=https%3A%2F%2Fregistry.npm.taobao.org%2Fpostcss-modules-local-by-default%2Fdownload%2Fpostcss-modules-local-by-default-3.0.3.tgz#bb14e0cc78279d504dbdcbfd7e0ca28993ffbbb0"
    integrity sha1-uxTgzHgnnVBNvcv9fgyiiZP/u7A=
    dependencies:
      icss-utils "^4.1.1"
      postcss "^7.0.32"
      postcss-selector-parser "^6.0.2"
      postcss-value-parser "^4.1.0"
  
  postcss-modules-scope@^2.2.0:
    version "2.2.0"
    resolved "https://registry.npm.taobao.org/postcss-modules-scope/download/postcss-modules-scope-2.2.0.tgz?cache=0&sync_timestamp=1602593260387&other_urls=https%3A%2F%2Fregistry.npm.taobao.org%2Fpostcss-modules-scope%2Fdownload%2Fpostcss-modules-scope-2.2.0.tgz#385cae013cc7743f5a7d7602d1073a89eaae62ee"
    integrity sha1-OFyuATzHdD9afXYC0Qc6iequYu4=
    dependencies:
      postcss "^7.0.6"
      postcss-selector-parser "^6.0.0"
  
  postcss-modules-values@^3.0.0:
    version "3.0.0"
    resolved "https://registry.npm.taobao.org/postcss-modules-values/download/postcss-modules-values-3.0.0.tgz?cache=0&sync_timestamp=1602586230505&other_urls=https%3A%2F%2Fregistry.npm.taobao.org%2Fpostcss-modules-values%2Fdownload%2Fpostcss-modules-values-3.0.0.tgz#5b5000d6ebae29b4255301b4a3a54574423e7f10"
    integrity sha1-W1AA1uuuKbQlUwG0o6VFdEI+fxA=
    dependencies:
      icss-utils "^4.0.0"
      postcss "^7.0.6"
  
  postcss-modules@^3.2.2:
    version "3.2.2"
    resolved "https://registry.npm.taobao.org/postcss-modules/download/postcss-modules-3.2.2.tgz#ee390de0f9f18e761e1778dfb9be26685c02c51f"
    integrity sha1-7jkN4PnxjnYeF3jfub4maFwCxR8=
    dependencies:
      generic-names "^2.0.1"
      icss-replace-symbols "^1.1.0"
      lodash.camelcase "^4.3.0"
      postcss "^7.0.32"
      postcss-modules-extract-imports "^2.0.0"
      postcss-modules-local-by-default "^3.0.2"
      postcss-modules-scope "^2.2.0"
      postcss-modules-values "^3.0.0"
      string-hash "^1.1.1"
  
  postcss-selector-parser@^6.0.0, postcss-selector-parser@^6.0.2, postcss-selector-parser@^6.0.4:
    version "6.0.4"
    resolved "https://registry.npm.taobao.org/postcss-selector-parser/download/postcss-selector-parser-6.0.4.tgz?cache=0&sync_timestamp=1601045316432&other_urls=https%3A%2F%2Fregistry.npm.taobao.org%2Fpostcss-selector-parser%2Fdownload%2Fpostcss-selector-parser-6.0.4.tgz#56075a1380a04604c38b063ea7767a129af5c2b3"
    integrity sha1-VgdaE4CgRgTDiwY+p3Z6Epr1wrM=
    dependencies:
      cssesc "^3.0.0"
      indexes-of "^1.0.1"
      uniq "^1.0.1"
      util-deprecate "^1.0.2"
  
  postcss-value-parser@^4.1.0:
    version "4.1.0"
    resolved "https://registry.npm.taobao.org/postcss-value-parser/download/postcss-value-parser-4.1.0.tgz?cache=0&sync_timestamp=1599054273488&other_urls=https%3A%2F%2Fregistry.npm.taobao.org%2Fpostcss-value-parser%2Fdownload%2Fpostcss-value-parser-4.1.0.tgz#443f6a20ced6481a2bda4fa8532a6e55d789a2cb"
    integrity sha1-RD9qIM7WSBor2k+oUypuVdeJoss=
  
  postcss@^7.0.14, postcss@^7.0.32, postcss@^7.0.5, postcss@^7.0.6:
    version "7.0.35"
    resolved "https://registry.npm.taobao.org/postcss/download/postcss-7.0.35.tgz?cache=0&sync_timestamp=1610188234851&other_urls=https%3A%2F%2Fregistry.npm.taobao.org%2Fpostcss%2Fdownload%2Fpostcss-7.0.35.tgz#d2be00b998f7f211d8a276974079f2e92b970e24"
    integrity sha1-0r4AuZj38hHYonaXQHny6SuXDiQ=
    dependencies:
      chalk "^2.4.2"
      source-map "^0.6.1"
      supports-color "^6.1.0"
  
  postcss@^8.2.1:
    version "8.2.4"
    resolved "https://registry.npm.taobao.org/postcss/download/postcss-8.2.4.tgz?cache=0&sync_timestamp=1610188234851&other_urls=https%3A%2F%2Fregistry.npm.taobao.org%2Fpostcss%2Fdownload%2Fpostcss-8.2.4.tgz#20a98a39cf303d15129c2865a9ec37eda0031d04"
    integrity sha1-IKmKOc8wPRUSnChlqew37aADHQQ=
    dependencies:
      colorette "^1.2.1"
      nanoid "^3.1.20"
      source-map "^0.6.1"
  
  prelude-ls@~1.1.2:
    version "1.1.2"
    resolved "https://registry.npm.taobao.org/prelude-ls/download/prelude-ls-1.1.2.tgz#21932a549f5e52ffd9a827f570e04be62a97da54"
    integrity sha1-IZMqVJ9eUv/ZqCf1cOBL5iqX2lQ=
  
  prettier-linter-helpers@^1.0.0:
    version "1.0.0"
    resolved "https://registry.npm.taobao.org/prettier-linter-helpers/download/prettier-linter-helpers-1.0.0.tgz#d23d41fe1375646de2d0104d3454a3008802cf7b"
    integrity sha1-0j1B/hN1ZG3i0BBNNFSjAIgCz3s=
    dependencies:
      fast-diff "^1.1.2"
  
  prettier@^2.2.1:
    version "2.2.1"
    resolved "https://registry.npm.taobao.org/prettier/download/prettier-2.2.1.tgz?cache=0&sync_timestamp=1606521141305&other_urls=https%3A%2F%2Fregistry.npm.taobao.org%2Fprettier%2Fdownload%2Fprettier-2.2.1.tgz#795a1a78dd52f073da0cd42b21f9c91381923ff5"
    integrity sha1-eVoaeN1S8HPaDNQrIfnJE4GSP/U=
  
  progress@^2.0.0:
    version "2.0.3"
    resolved "https://registry.npm.taobao.org/progress/download/progress-2.0.3.tgz?cache=0&sync_timestamp=1599054255267&other_urls=https%3A%2F%2Fregistry.npm.taobao.org%2Fprogress%2Fdownload%2Fprogress-2.0.3.tgz#7e8cf8d8f5b8f239c1bc68beb4eb78567d572ef8"
    integrity sha1-foz42PW48jnBvGi+tOt4Vn1XLvg=
  
  punycode@^2.1.0:
    version "2.1.1"
    resolved "https://registry.npm.taobao.org/punycode/download/punycode-2.1.1.tgz#b58b010ac40c22c5657616c8d2c2c02c7bf479ec"
    integrity sha1-tYsBCsQMIsVldhbI0sLALHv0eew=
  
  regenerator-runtime@^0.13.4:
    version "0.13.7"
    resolved "https://registry.npm.taobao.org/regenerator-runtime/download/regenerator-runtime-0.13.7.tgz#cac2dacc8a1ea675feaabaeb8ae833898ae46f55"
    integrity sha1-ysLazIoepnX+qrrriugziYrkb1U=
  
  regexpp@^2.0.1:
    version "2.0.1"
    resolved "https://registry.npm.taobao.org/regexpp/download/regexpp-2.0.1.tgz#8d19d31cf632482b589049f8281f93dbcba4d07f"
    integrity sha1-jRnTHPYySCtYkEn4KB+T28uk0H8=
  
  regexpp@^3.0.0:
    version "3.1.0"
    resolved "https://registry.npm.taobao.org/regexpp/download/regexpp-3.1.0.tgz#206d0ad0a5648cffbdb8ae46438f3dc51c9f78e2"
    integrity sha1-IG0K0KVkjP+9uK5GQ489xRyfeOI=
  
  resize-observer-polyfill@^1.5.1:
    version "1.5.1"
    resolved "https://registry.npm.taobao.org/resize-observer-polyfill/download/resize-observer-polyfill-1.5.1.tgz#0e9020dd3d21024458d4ebd27e23e40269810464"
    integrity sha1-DpAg3T0hAkRY1OvSfiPkAmmBBGQ=
  
  resolve-from@^4.0.0:
    version "4.0.0"
    resolved "https://registry.npm.taobao.org/resolve-from/download/resolve-from-4.0.0.tgz#4abcd852ad32dd7baabfe9b40e00a36db5f392e6"
    integrity sha1-SrzYUq0y3Xuqv+m0DgCjbbXzkuY=
  
  resolve@^1.19.0:
    version "1.19.0"
    resolved "https://registry.npm.taobao.org/resolve/download/resolve-1.19.0.tgz?cache=0&sync_timestamp=1605052120709&other_urls=https%3A%2F%2Fregistry.npm.taobao.org%2Fresolve%2Fdownload%2Fresolve-1.19.0.tgz#1af5bf630409734a067cae29318aac7fa29a267c"
    integrity sha1-GvW/YwQJc0oGfK4pMYqsf6KaJnw=
    dependencies:
      is-core-module "^2.1.0"
      path-parse "^1.0.6"
  
  restore-cursor@^3.1.0:
    version "3.1.0"
    resolved "https://registry.npm.taobao.org/restore-cursor/download/restore-cursor-3.1.0.tgz#39f67c54b3a7a58cea5236d95cf0034239631f7e"
    integrity sha1-OfZ8VLOnpYzqUjbZXPADQjljH34=
    dependencies:
      onetime "^5.1.0"
      signal-exit "^3.0.2"
  
  rimraf@2.6.3:
    version "2.6.3"
    resolved "https://registry.npm.taobao.org/rimraf/download/rimraf-2.6.3.tgz?cache=0&sync_timestamp=1599054104695&other_urls=https%3A%2F%2Fregistry.npm.taobao.org%2Frimraf%2Fdownload%2Frimraf-2.6.3.tgz#b2d104fe0d8fb27cf9e0a1cda8262dd3833c6cab"
    integrity sha1-stEE/g2Psnz54KHNqCYt04M8bKs=
    dependencies:
      glob "^7.1.3"
  
  rollup@^2.35.1:
    version "2.37.1"
    resolved "https://registry.npm.taobao.org/rollup/download/rollup-2.37.1.tgz?cache=0&sync_timestamp=1611144512910&other_urls=https%3A%2F%2Fregistry.npm.taobao.org%2Frollup%2Fdownload%2Frollup-2.37.1.tgz#aa7aadffd75c80393f9314f9857e851b0ffd34e7"
    integrity sha1-qnqt/9dcgDk/kxT5hX6FGw/9NOc=
    optionalDependencies:
      fsevents "~2.1.2"
  
  run-async@^2.4.0:
    version "2.4.1"
    resolved "https://registry.npm.taobao.org/run-async/download/run-async-2.4.1.tgz#8440eccf99ea3e70bd409d49aab88e10c189a455"
    integrity sha1-hEDsz5nqPnC9QJ1JqriOEMGJpFU=
  
  rxjs@^6.6.0:
    version "6.6.3"
    resolved "https://registry.npm.taobao.org/rxjs/download/rxjs-6.6.3.tgz?cache=0&sync_timestamp=1607305574298&other_urls=https%3A%2F%2Fregistry.npm.taobao.org%2Frxjs%2Fdownload%2Frxjs-6.6.3.tgz#8ca84635c4daa900c0d3967a6ee7ac60271ee552"
    integrity sha1-jKhGNcTaqQDA05Z6buesYCce5VI=
    dependencies:
      tslib "^1.9.0"
  
  "safer-buffer@>= 2.1.2 < 3":
    version "2.1.2"
    resolved "https://registry.npm.taobao.org/safer-buffer/download/safer-buffer-2.1.2.tgz#44fa161b0187b9549dd84bb91802f9bd8385cd6a"
    integrity sha1-RPoWGwGHuVSd2Eu5GAL5vYOFzWo=
  
  scroll-into-view-if-needed@^2.2.25:
    version "2.2.26"
    resolved "https://registry.npm.taobao.org/scroll-into-view-if-needed/download/scroll-into-view-if-needed-2.2.26.tgz#e4917da0c820135ff65ad6f7e4b7d7af568c4f13"
    integrity sha1-5JF9oMggE1/2Wtb35LfXr1aMTxM=
    dependencies:
      compute-scroll-into-view "^1.0.16"
  
  semver@^5.5.0:
    version "5.7.1"
    resolved "https://registry.npm.taobao.org/semver/download/semver-5.7.1.tgz?cache=0&sync_timestamp=1606852064928&other_urls=https%3A%2F%2Fregistry.npm.taobao.org%2Fsemver%2Fdownload%2Fsemver-5.7.1.tgz#a954f931aeba508d307bbf069eff0c01c96116f7"
    integrity sha1-qVT5Ma66UI0we78Gnv8MAclhFvc=
  
  semver@^6.1.2:
    version "6.3.0"
    resolved "https://registry.npm.taobao.org/semver/download/semver-6.3.0.tgz?cache=0&sync_timestamp=1606852064928&other_urls=https%3A%2F%2Fregistry.npm.taobao.org%2Fsemver%2Fdownload%2Fsemver-6.3.0.tgz#ee0a64c8af5e8ceea67687b133761e1becbd1d3d"
    integrity sha1-7gpkyK9ejO6mdoexM3YeG+y9HT0=
  
  semver@^7.3.2:
    version "7.3.4"
    resolved "https://registry.npm.taobao.org/semver/download/semver-7.3.4.tgz?cache=0&sync_timestamp=1606852064928&other_urls=https%3A%2F%2Fregistry.npm.taobao.org%2Fsemver%2Fdownload%2Fsemver-7.3.4.tgz#27aaa7d2e4ca76452f98d3add093a72c943edc97"
    integrity sha1-J6qn0uTKdkUvmNOt0JOnLJQ+3Jc=
    dependencies:
      lru-cache "^6.0.0"
  
  shallow-equal@^1.0.0:
    version "1.2.1"
    resolved "https://registry.npm.taobao.org/shallow-equal/download/shallow-equal-1.2.1.tgz#4c16abfa56043aa20d050324efa68940b0da79da"
    integrity sha1-TBar+lYEOqINBQMk76aJQLDaedo=
  
  shebang-command@^1.2.0:
    version "1.2.0"
    resolved "https://registry.npm.taobao.org/shebang-command/download/shebang-command-1.2.0.tgz#44aac65b695b03398968c39f363fee5deafdf1ea"
    integrity sha1-RKrGW2lbAzmJaMOfNj/uXer98eo=
    dependencies:
      shebang-regex "^1.0.0"
  
  shebang-regex@^1.0.0:
    version "1.0.0"
    resolved "https://registry.npm.taobao.org/shebang-regex/download/shebang-regex-1.0.0.tgz#da42f49740c0b42db2ca9728571cb190c98efea3"
    integrity sha1-2kL0l0DAtC2yypcoVxyxkMmO/qM=
  
  signal-exit@^3.0.2:
    version "3.0.3"
    resolved "https://registry.npm.taobao.org/signal-exit/download/signal-exit-3.0.3.tgz#a1410c2edd8f077b08b4e253c8eacfcaf057461c"
    integrity sha1-oUEMLt2PB3sItOJTyOrPyvBXRhw=
  
  simplemde@*:
    version "1.11.2"
    resolved "https://registry.npm.taobao.org/simplemde/download/simplemde-1.11.2.tgz#a23a35d978d2c40ef07dec008c92f070d8e080e3"
    integrity sha1-ojo12XjSxA7wfewAjJLwcNjggOM=
    dependencies:
      codemirror "*"
      codemirror-spell-checker "*"
      marked "*"
  
  slice-ansi@^2.1.0:
    version "2.1.0"
    resolved "https://registry.npm.taobao.org/slice-ansi/download/slice-ansi-2.1.0.tgz#cacd7693461a637a5788d92a7dd4fba068e81636"
    integrity sha1-ys12k0YaY3pXiNkqfdT7oGjoFjY=
    dependencies:
      ansi-styles "^3.2.0"
      astral-regex "^1.0.0"
      is-fullwidth-code-point "^2.0.0"
  
  source-map@^0.6.1:
    version "0.6.1"
    resolved "https://registry.npm.taobao.org/source-map/download/source-map-0.6.1.tgz#74722af32e9614e9c287a8d0bbde48b5e2f1a263"
    integrity sha1-dHIq8y6WFOnCh6jQu95IteLxomM=
  
  sourcemap-codec@^1.4.4:
    version "1.4.8"
    resolved "https://registry.npm.taobao.org/sourcemap-codec/download/sourcemap-codec-1.4.8.tgz#ea804bd94857402e6992d05a38ef1ae35a9ab4c4"
    integrity sha1-6oBL2UhXQC5pktBaOO8a41qatMQ=
  
  sprintf-js@~1.0.2:
    version "1.0.3"
    resolved "https://registry.npm.taobao.org/sprintf-js/download/sprintf-js-1.0.3.tgz#04e6926f662895354f3dd015203633b857297e2c"
    integrity sha1-BOaSb2YolTVPPdAVIDYzuFcpfiw=
  
  string-hash@^1.1.1:
    version "1.1.3"
    resolved "https://registry.npm.taobao.org/string-hash/download/string-hash-1.1.3.tgz#e8aafc0ac1855b4666929ed7dd1275df5d6c811b"
    integrity sha1-6Kr8CsGFW0Zmkp7X3RJ1311sgRs=
  
  string-width@^3.0.0:
    version "3.1.0"
    resolved "https://registry.npm.taobao.org/string-width/download/string-width-3.1.0.tgz#22767be21b62af1081574306f69ac51b62203961"
    integrity sha1-InZ74htirxCBV0MG9prFG2IgOWE=
    dependencies:
      emoji-regex "^7.0.1"
      is-fullwidth-code-point "^2.0.0"
      strip-ansi "^5.1.0"
  
  string-width@^4.1.0:
    version "4.2.0"
    resolved "https://registry.npm.taobao.org/string-width/download/string-width-4.2.0.tgz#952182c46cc7b2c313d1596e623992bd163b72b5"
    integrity sha1-lSGCxGzHssMT0VluYjmSvRY7crU=
    dependencies:
      emoji-regex "^8.0.0"
      is-fullwidth-code-point "^3.0.0"
      strip-ansi "^6.0.0"
  
  strip-ansi@^5.1.0, strip-ansi@^5.2.0:
    version "5.2.0"
    resolved "https://registry.npm.taobao.org/strip-ansi/download/strip-ansi-5.2.0.tgz#8c9a536feb6afc962bdfa5b104a5091c1ad9c0ae"
    integrity sha1-jJpTb+tq/JYr36WxBKUJHBrZwK4=
    dependencies:
      ansi-regex "^4.1.0"
  
  strip-ansi@^6.0.0:
    version "6.0.0"
    resolved "https://registry.npm.taobao.org/strip-ansi/download/strip-ansi-6.0.0.tgz#0b1571dd7669ccd4f3e06e14ef1eed26225ae532"
    integrity sha1-CxVx3XZpzNTz4G4U7x7tJiJa5TI=
    dependencies:
      ansi-regex "^5.0.0"
  
  strip-json-comments@^3.0.1:
    version "3.1.1"
    resolved "https://registry.npm.taobao.org/strip-json-comments/download/strip-json-comments-3.1.1.tgz#31f1281b3832630434831c310c01cccda8cbe006"
    integrity sha1-MfEoGzgyYwQ0gxwxDAHMzajL4AY=
  
  supports-color@^5.3.0:
    version "5.5.0"
    resolved "https://registry.npm.taobao.org/supports-color/download/supports-color-5.5.0.tgz?cache=0&sync_timestamp=1608033330722&other_urls=https%3A%2F%2Fregistry.npm.taobao.org%2Fsupports-color%2Fdownload%2Fsupports-color-5.5.0.tgz#e2e69a44ac8772f78a1ec0b35b689df6530efc8f"
    integrity sha1-4uaaRKyHcveKHsCzW2id9lMO/I8=
    dependencies:
      has-flag "^3.0.0"
  
  supports-color@^6.1.0:
    version "6.1.0"
    resolved "https://registry.npm.taobao.org/supports-color/download/supports-color-6.1.0.tgz?cache=0&sync_timestamp=1608033330722&other_urls=https%3A%2F%2Fregistry.npm.taobao.org%2Fsupports-color%2Fdownload%2Fsupports-color-6.1.0.tgz#0764abc69c63d5ac842dd4867e8d025e880df8f3"
    integrity sha1-B2Srxpxj1ayELdSGfo0CXogN+PM=
    dependencies:
      has-flag "^3.0.0"
  
  supports-color@^7.1.0:
    version "7.2.0"
    resolved "https://registry.npm.taobao.org/supports-color/download/supports-color-7.2.0.tgz?cache=0&sync_timestamp=1608033330722&other_urls=https%3A%2F%2Fregistry.npm.taobao.org%2Fsupports-color%2Fdownload%2Fsupports-color-7.2.0.tgz#1b7dcdcb32b8138801b3e478ba6a51caa89648da"
    integrity sha1-G33NyzK4E4gBs+R4umpRyqiWSNo=
    dependencies:
      has-flag "^4.0.0"
  
  table@^5.2.3:
    version "5.4.6"
    resolved "https://registry.npm.taobao.org/table/download/table-5.4.6.tgz?cache=0&sync_timestamp=1609732685428&other_urls=https%3A%2F%2Fregistry.npm.taobao.org%2Ftable%2Fdownload%2Ftable-5.4.6.tgz#1292d19500ce3f86053b05f0e8e7e4a3bb21079e"
    integrity sha1-EpLRlQDOP4YFOwXw6Ofko7shB54=
    dependencies:
      ajv "^6.10.2"
      lodash "^4.17.14"
      slice-ansi "^2.1.0"
      string-width "^3.0.0"
  
  text-table@^0.2.0:
    version "0.2.0"
    resolved "https://registry.npm.taobao.org/text-table/download/text-table-0.2.0.tgz#7f5ee823ae805207c00af2df4a84ec3fcfa570b4"
    integrity sha1-f17oI66AUgfACvLfSoTsP8+lcLQ=
  
  through@^2.3.6:
    version "2.3.8"
    resolved "https://registry.npm.taobao.org/through/download/through-2.3.8.tgz#0dd4c9ffaabc357960b1b724115d7e0e86a2e1f5"
    integrity sha1-DdTJ/6q8NXlgsbckEV1+Doai4fU=
  
  tmp@^0.0.33:
    version "0.0.33"
    resolved "https://registry.npm.taobao.org/tmp/download/tmp-0.0.33.tgz#6d34335889768d21b2bcda0aa277ced3b1bfadf9"
    integrity sha1-bTQzWIl2jSGyvNoKonfO07G/rfk=
    dependencies:
      os-tmpdir "~1.0.2"
  
  to-fast-properties@^2.0.0:
    version "2.0.0"
    resolved "https://registry.npm.taobao.org/to-fast-properties/download/to-fast-properties-2.0.0.tgz#dc5e698cbd079265bc73e0377681a4e4e83f616e"
    integrity sha1-3F5pjL0HkmW8c+A3doGk5Og/YW4=
  
  tslib@^1.8.1, tslib@^1.9.0:
    version "1.14.1"
    resolved "https://registry.npm.taobao.org/tslib/download/tslib-1.14.1.tgz?cache=0&sync_timestamp=1609887539329&other_urls=https%3A%2F%2Fregistry.npm.taobao.org%2Ftslib%2Fdownload%2Ftslib-1.14.1.tgz#cf2d38bdc34a134bcaf1091c41f6619e2f672d00"
    integrity sha1-zy04vcNKE0vK8QkcQfZhni9nLQA=
  
  tsutils@^3.17.1:
    version "3.19.1"
    resolved "https://registry.npm.taobao.org/tsutils/download/tsutils-3.19.1.tgz?cache=0&sync_timestamp=1610186533257&other_urls=https%3A%2F%2Fregistry.npm.taobao.org%2Ftsutils%2Fdownload%2Ftsutils-3.19.1.tgz#d8566e0c51c82f32f9c25a4d367cd62409a547a9"
    integrity sha1-2FZuDFHILzL5wlpNNnzWJAmlR6k=
    dependencies:
      tslib "^1.8.1"
  
  type-check@~0.3.2:
    version "0.3.2"
    resolved "https://registry.npm.taobao.org/type-check/download/type-check-0.3.2.tgz#5884cab512cf1d355e3fb784f30804b2b520db72"
    integrity sha1-WITKtRLPHTVeP7eE8wgEsrUg23I=
    dependencies:
      prelude-ls "~1.1.2"
  
  type-fest@^0.11.0:
    version "0.11.0"
    resolved "https://registry.npm.taobao.org/type-fest/download/type-fest-0.11.0.tgz?cache=0&sync_timestamp=1606468844109&other_urls=https%3A%2F%2Fregistry.npm.taobao.org%2Ftype-fest%2Fdownload%2Ftype-fest-0.11.0.tgz#97abf0872310fed88a5c466b25681576145e33f1"
    integrity sha1-l6vwhyMQ/tiKXEZrJWgVdhReM/E=
  
  type-fest@^0.8.1:
    version "0.8.1"
    resolved "https://registry.npm.taobao.org/type-fest/download/type-fest-0.8.1.tgz?cache=0&sync_timestamp=1606468844109&other_urls=https%3A%2F%2Fregistry.npm.taobao.org%2Ftype-fest%2Fdownload%2Ftype-fest-0.8.1.tgz#09e249ebde851d3b1e48d27c105444667f17b83d"
    integrity sha1-CeJJ696FHTseSNJ8EFREZn8XuD0=
  
  typescript@~3.9.3:
    version "3.9.7"
    resolved "https://registry.npm.taobao.org/typescript/download/typescript-3.9.7.tgz?cache=0&sync_timestamp=1610694951826&other_urls=https%3A%2F%2Fregistry.npm.taobao.org%2Ftypescript%2Fdownload%2Ftypescript-3.9.7.tgz#98d600a5ebdc38f40cb277522f12dc800e9e25fa"
    integrity sha1-mNYApevcOPQMsndSLxLcgA6eJfo=
  
  typo-js@*:
    version "1.2.0"
    resolved "https://registry.npm.taobao.org/typo-js/download/typo-js-1.2.0.tgz#dbe58de3a6dcbbe260b78bf290ee761b008a28e8"
    integrity sha1-2+WN46bcu+Jgt4vykO52GwCKKOg=
  
  uniq@^1.0.1:
    version "1.0.1"
    resolved "https://registry.npm.taobao.org/uniq/download/uniq-1.0.1.tgz#b31c5ae8254844a3a8281541ce2b04b865a734ff"
    integrity sha1-sxxa6CVIRKOoKBVBzisEuGWnNP8=
  
  uri-js@^4.2.2:
    version "4.4.1"
    resolved "https://registry.npm.taobao.org/uri-js/download/uri-js-4.4.1.tgz?cache=0&sync_timestamp=1610237624359&other_urls=https%3A%2F%2Fregistry.npm.taobao.org%2Furi-js%2Fdownload%2Furi-js-4.4.1.tgz#9b1a52595225859e55f669d928f88c6c57f2a77e"
    integrity sha1-mxpSWVIlhZ5V9mnZKPiMbFfyp34=
    dependencies:
      punycode "^2.1.0"
  
  util-deprecate@^1.0.2:
    version "1.0.2"
    resolved "https://registry.npm.taobao.org/util-deprecate/download/util-deprecate-1.0.2.tgz#450d4dc9fa70de732762fbd2d4a28981419a0ccf"
    integrity sha1-RQ1Nyfpw3nMnYvvS1KKJgUGaDM8=
  
  v8-compile-cache@^2.0.3:
    version "2.2.0"
    resolved "https://registry.npm.taobao.org/v8-compile-cache/download/v8-compile-cache-2.2.0.tgz?cache=0&sync_timestamp=1603909620959&other_urls=https%3A%2F%2Fregistry.npm.taobao.org%2Fv8-compile-cache%2Fdownload%2Fv8-compile-cache-2.2.0.tgz#9471efa3ef9128d2f7c6a7ca39c4dd6b5055b132"
    integrity sha1-lHHvo++RKNL3xqfKOcTda1BVsTI=
  
  vditor@^3.7.7:
    version "3.7.7"
    resolved "https://registry.npm.taobao.org/vditor/download/vditor-3.7.7.tgz#2baf65f3fb3a0743072dc880010cf2fd1a0b864a"
    integrity sha1-K69l8/s6B0MHLciAAQzy/RoLhko=
    dependencies:
      diff-match-patch "^1.0.5"
  
  vite@^2.0.0-beta.12:
    version "2.0.0-beta.36"
    resolved "https://registry.npm.taobao.org/vite/download/vite-2.0.0-beta.36.tgz#ccecac854ded0b7c0fe14c52c0460e1c23a9c70b"
    integrity sha1-zOyshU3tC3wP4UxSwEYOHCOpxws=
    dependencies:
      esbuild "^0.8.26"
      postcss "^8.2.1"
      resolve "^1.19.0"
      rollup "^2.35.1"
    optionalDependencies:
      fsevents "~2.1.2"
  
  vue-axios@^3.2.2:
    version "3.2.2"
    resolved "https://registry.npm.taobao.org/vue-axios/download/vue-axios-3.2.2.tgz#c945694a4b7f4f741a07afbaec9e76b4877b618f"
    integrity sha1-yUVpSkt/T3QaB6+67J52tId7YY8=
  
  vue-class-component@^8.0.0-0:
    version "8.0.0-rc.1"
    resolved "https://registry.npm.taobao.org/vue-class-component/download/vue-class-component-8.0.0-rc.1.tgz#db692cd97656eb9a08206c03d0b7398cdb1d9420"
    integrity sha1-22ks2XZW65oIIGwD0Lc5jNsdlCA=
  
  vue-eslint-parser@^7.3.0:
    version "7.3.0"
    resolved "https://registry.npm.taobao.org/vue-eslint-parser/download/vue-eslint-parser-7.3.0.tgz?cache=0&sync_timestamp=1608031059452&other_urls=https%3A%2F%2Fregistry.npm.taobao.org%2Fvue-eslint-parser%2Fdownload%2Fvue-eslint-parser-7.3.0.tgz#894085839d99d81296fa081d19643733f23d7559"
    integrity sha1-iUCFg52Z2BKW+ggdGWQ3M/I9dVk=
    dependencies:
      debug "^4.1.1"
      eslint-scope "^5.0.0"
      eslint-visitor-keys "^1.1.0"
      espree "^6.2.1"
      esquery "^1.0.1"
      lodash "^4.17.15"
  
  vue-router@^4.0.0-0:
    version "4.0.3"
    resolved "https://registry.npm.taobao.org/vue-router/download/vue-router-4.0.3.tgz?cache=0&sync_timestamp=1610356137479&other_urls=https%3A%2F%2Fregistry.npm.taobao.org%2Fvue-router%2Fdownload%2Fvue-router-4.0.3.tgz#8b26050c88b2dec7e27a88835f71046b365823ec"
    integrity sha1-iyYFDIiy3sfieoiDX3EEazZYI+w=
  
  vue-simplemde@^2.0.0:
    version "2.0.0"
    resolved "https://registry.npm.taobao.org/vue-simplemde/download/vue-simplemde-2.0.0.tgz#a9d030364545d78936c0d5b7073cc03565da70c9"
    integrity sha1-qdAwNkVF14k2wNW3BzzANWXacMk=
    dependencies:
      marked "*"
      simplemde "*"
  
  vue-types@^3.0.0:
    version "3.0.1"
    resolved "https://registry.npm.taobao.org/vue-types/download/vue-types-3.0.1.tgz#20e9baae8673de8093d0a989234695d08d544be0"
    integrity sha1-IOm6roZz3oCT0KmJI0aV0I1US+A=
    dependencies:
      is-plain-object "3.0.1"
  
  vue@^3.0.0:
    version "3.0.5"
    resolved "https://registry.npm.taobao.org/vue/download/vue-3.0.5.tgz?cache=0&sync_timestamp=1609359872993&other_urls=https%3A%2F%2Fregistry.npm.taobao.org%2Fvue%2Fdownload%2Fvue-3.0.5.tgz#de1b82eba24abfe71e0970fc9b8d4b2babdc3fe1"
    integrity sha1-3huC66JKv+ceCXD8m41LK6vcP+E=
    dependencies:
      "@vue/compiler-dom" "3.0.5"
      "@vue/runtime-dom" "3.0.5"
      "@vue/shared" "3.0.5"
  
  vuex@^4.0.0-0:
    version "4.0.0-rc.2"
    resolved "https://registry.npm.taobao.org/vuex/download/vuex-4.0.0-rc.2.tgz?cache=0&sync_timestamp=1606318199388&other_urls=https%3A%2F%2Fregistry.npm.taobao.org%2Fvuex%2Fdownload%2Fvuex-4.0.0-rc.2.tgz#3681c84eb6f5171b039edaa17cc78105e20724f3"
    integrity sha1-NoHITrb1FxsDntqhfMeBBeIHJPM=
  
  warning@^4.0.0:
    version "4.0.3"
    resolved "https://registry.npm.taobao.org/warning/download/warning-4.0.3.tgz#16e9e077eb8a86d6af7d64aa1e05fd85b4678ca3"
    integrity sha1-Fungd+uKhtavfWSqHgX9hbRnjKM=
    dependencies:
      loose-envify "^1.0.0"
  
  which@^1.2.9:
    version "1.3.1"
    resolved "https://registry.npm.taobao.org/which/download/which-1.3.1.tgz#a45043d54f5805316da8d62f9f50918d3da70b0a"
    integrity sha1-pFBD1U9YBTFtqNYvn1CRjT2nCwo=
    dependencies:
      isexe "^2.0.0"
  
  word-wrap@~1.2.3:
    version "1.2.3"
    resolved "https://registry.npm.taobao.org/word-wrap/download/word-wrap-1.2.3.tgz#610636f6b1f703891bd34771ccb17fb93b47079c"
    integrity sha1-YQY29rH3A4kb00dxzLF/uTtHB5w=
  
  wrappy@1:
    version "1.0.2"
    resolved "https://registry.npm.taobao.org/wrappy/download/wrappy-1.0.2.tgz#b5243d8f3ec1aa35f1364605bc0d1036e30ab69f"
    integrity sha1-tSQ9jz7BqjXxNkYFvA0QNuMKtp8=
  
  write@1.0.3:
    version "1.0.3"
    resolved "https://registry.npm.taobao.org/write/download/write-1.0.3.tgz#0800e14523b923a387e415123c865616aae0f5c3"
    integrity sha1-CADhRSO5I6OH5BUSPIZWFqrg9cM=
    dependencies:
      mkdirp "^0.5.1"
  
  yallist@^3.0.2:
    version "3.1.1"
    resolved "https://registry.npm.taobao.org/yallist/download/yallist-3.1.1.tgz#dbb7daf9bfd8bac9ab45ebf602b8cbad0d5d08fd"
    integrity sha1-27fa+b/YusmrRev2ArjLrQ1dCP0=
  
  yallist@^4.0.0:
    version "4.0.0"
    resolved "https://registry.npm.taobao.org/yallist/download/yallist-4.0.0.tgz#9bb92790d9c0effec63be73519e11a35019a3a72"
    integrity sha1-m7knkNnA7/7GO+c1GeEaNQGaOnI=
